Using pre-set license
Built from '2022.3/staging' branch; Version is '2022.3.13f1 (5f90a5ebde0f) revision 6262949'; Using compiler version '192829333'; Build Type 'Release'
OS: 'Windows 11  (10.0.26100) 64bit Professional' Language: 'pt' Physical Memory: 15622 MB
BatchMode: 1, IsHumanControllingUs: 0, StartBugReporterOnCrash: 0, Is64bit: 1, IsPro: 1

COMMAND LINE ARGUMENTS:
C:\Program Files\Unity\Hub\Editor\2022.3.13f1\Editor\Unity.exe
-adb2
-batchMode
-noUpm
-name
AssetImportWorker2
-projectPath
C:/Users/ana.chaves3/Documents/GitHub/Tarefa-2D---GitHub/Jogo 2D - Tarefa
-logFile
Logs/AssetImportWorker2.log
-srvPort
51340
Successfully changed project path to: C:/Users/ana.chaves3/Documents/GitHub/Tarefa-2D---GitHub/Jogo 2D - Tarefa
C:/Users/ana.chaves3/Documents/GitHub/Tarefa-2D---GitHub/Jogo 2D - Tarefa
[UnityMemory] Configuration Parameters - Can be set up in boot.config
    "memorysetup-bucket-allocator-granularity=16"
    "memorysetup-bucket-allocator-bucket-count=8"
    "memorysetup-bucket-allocator-block-size=33554432"
    "memorysetup-bucket-allocator-block-count=8"
    "memorysetup-main-allocator-block-size=16777216"
    "memorysetup-thread-allocator-block-size=16777216"
    "memorysetup-gfx-main-allocator-block-size=16777216"
    "memorysetup-gfx-thread-allocator-block-size=16777216"
    "memorysetup-cache-allocator-block-size=4194304"
    "memorysetup-typetree-allocator-block-size=2097152"
    "memorysetup-profiler-bucket-allocator-granularity=16"
    "memorysetup-profiler-bucket-allocator-bucket-count=8"
    "memorysetup-profiler-bucket-allocator-block-size=33554432"
    "memorysetup-profiler-bucket-allocator-block-count=8"
    "memorysetup-profiler-allocator-block-size=16777216"
    "memorysetup-profiler-editor-allocator-block-size=1048576"
    "memorysetup-temp-allocator-size-main=16777216"
    "memorysetup-job-temp-allocator-block-size=2097152"
    "memorysetup-job-temp-allocator-block-size-background=1048576"
    "memorysetup-job-temp-allocator-reduction-small-platforms=262144"
    "memorysetup-allocator-temp-initial-block-size-main=262144"
    "memorysetup-allocator-temp-initial-block-size-worker=262144"
    "memorysetup-temp-allocator-size-background-worker=32768"
    "memorysetup-temp-allocator-size-job-worker=262144"
    "memorysetup-temp-allocator-size-preload-manager=33554432"
    "memorysetup-temp-allocator-size-nav-mesh-worker=65536"
    "memorysetup-temp-allocator-size-audio-worker=65536"
    "memorysetup-temp-allocator-size-cloud-worker=32768"
    "memorysetup-temp-allocator-size-gi-baking-worker=262144"
    "memorysetup-temp-allocator-size-gfx=262144"
Player connection [20732] Host "[IP] 10.10.29.157 [Port] 0 [Flags] 2 [Guid] 4078678344 [EditorId] 4078678344 [Version] 1048832 [Id] WindowsEditor(7,BUE106D0007) [Debug] 1 [PackageName] WindowsEditor [ProjectName] Editor" joined multi-casting on [225.0.0.222:54997]...

Player connection [20732] Host "[IP] 10.10.29.157 [Port] 0 [Flags] 2 [Guid] 4078678344 [EditorId] 4078678344 [Version] 1048832 [Id] WindowsEditor(7,BUE106D0007) [Debug] 1 [PackageName] WindowsEditor [ProjectName] Editor" joined alternative multi-casting on [225.0.0.222:34997]...

[Physics::Module] Initialized MultithreadedJobDispatcher with 11 workers.
Refreshing native plugins compatible for Editor in 13.48 ms, found 4 plugins.
Preloading 0 native plugins for Editor in 0.00 ms.
Initialize engine version: 2022.3.13f1 (5f90a5ebde0f)
[Subsystems] Discovering subsystems at path C:/Program Files/Unity/Hub/Editor/2022.3.13f1/Editor/Data/Resources/UnitySubsystems
[Subsystems] Discovering subsystems at path C:/Users/ana.chaves3/Documents/GitHub/Tarefa-2D---GitHub/Jogo 2D - Tarefa/Assets
GfxDevice: creating device client; threaded=0; jobified=0
Direct3D:
    Version:  Direct3D 11.0 [level 11.1]
    Renderer: Intel(R) UHD Graphics 770 (ID=0x4690)
    Vendor:   Intel
    VRAM:     7811 MB
    Driver:   30.0.101.1002
Initialize mono
Mono path[0] = 'C:/Program Files/Unity/Hub/Editor/2022.3.13f1/Editor/Data/Managed'
Mono path[1] = 'C:/Program Files/Unity/Hub/Editor/2022.3.13f1/Editor/Data/MonoBleedingEdge/lib/mono/unityjit-win32'
Mono config path = 'C:/Program Files/Unity/Hub/Editor/2022.3.13f1/Editor/Data/MonoBleedingEdge/etc'
Using monoOptions --debugger-agent=transport=dt_socket,embedding=1,server=y,suspend=n,address=127.0.0.1:56532
Begin MonoManager ReloadAssembly
Registering precompiled unity dll's ...
Register platform support module: C:/Program Files/Unity/Hub/Editor/2022.3.13f1/Editor/Data/PlaybackEngines/WebGLSupport/UnityEditor.WebGL.Extensions.dll
Register platform support module: C:/Program Files/Unity/Hub/Editor/2022.3.13f1/Editor/Data/PlaybackEngines/WindowsStandaloneSupport/UnityEditor.WindowsStandalone.Extensions.dll
Register platform support module: C:/Program Files/Unity/Hub/Editor/2022.3.13f1/Editor/Data/PlaybackEngines/MetroSupport/UnityEditor.UWP.Extensions.dll
Registered in 0.008287 seconds.
- Loaded All Assemblies, in  0.415 seconds
Native extension for UWP target not found
Native extension for WindowsStandalone target not found
Native extension for WebGL target not found
Mono: successfully reloaded assembly
- Finished resetting the current domain, in  0.314 seconds
Domain Reload Profiling: 727ms
	BeginReloadAssembly (128ms)
		ExecutionOrderSort (0ms)
		DisableScriptedObjects (0ms)
		BackupInstance (0ms)
		ReleaseScriptingObjects (0ms)
		CreateAndSetChildDomain (1ms)
	RebuildCommonClasses (41ms)
	RebuildNativeTypeToScriptingClass (14ms)
	initialDomainReloadingComplete (66ms)
	LoadAllAssembliesAndSetupDomain (164ms)
		LoadAssemblies (127ms)
		RebuildTransferFunctionScriptingTraits (0ms)
		AnalyzeDomain (161ms)
			TypeCache.Refresh (159ms)
				TypeCache.ScanAssembly (144ms)
			ScanForSourceGeneratedMonoScriptInfo (0ms)
			ResolveRequiredComponents (1ms)
	FinalizeReload (314ms)
		ReleaseScriptCaches (0ms)
		RebuildScriptCaches (0ms)
		SetupLoadedEditorAssemblies (237ms)
			LogAssemblyErrors (0ms)
			InitializePlatformSupportModulesInManaged (13ms)
			SetLoadedEditorAssemblies (7ms)
			RefreshPlugins (0ms)
			BeforeProcessingInitializeOnLoad (3ms)
			ProcessInitializeOnLoadAttributes (154ms)
			ProcessInitializeOnLoadMethodAttributes (59ms)
			AfterProcessingInitializeOnLoad (0ms)
			EditorAssembliesLoaded (0ms)
		ExecutionOrderSort2 (0ms)
		AwakeInstancesAfterBackupRestoration (0ms)
========================================================================
Worker process is ready to serve import requests
Begin MonoManager ReloadAssembly
- Loaded All Assemblies, in  0.824 seconds
Refreshing native plugins compatible for Editor in 4.40 ms, found 4 plugins.
Native extension for UWP target not found
Native extension for WindowsStandalone target not found
Native extension for WebGL target not found
Mono: successfully reloaded assembly
- Finished resetting the current domain, in  0.681 seconds
Domain Reload Profiling: 1502ms
	BeginReloadAssembly (196ms)
		ExecutionOrderSort (0ms)
		DisableScriptedObjects (5ms)
		BackupInstance (0ms)
		ReleaseScriptingObjects (0ms)
		CreateAndSetChildDomain (31ms)
	RebuildCommonClasses (42ms)
	RebuildNativeTypeToScriptingClass (12ms)
	initialDomainReloadingComplete (53ms)
	LoadAllAssembliesAndSetupDomain (517ms)
		LoadAssemblies (449ms)
		RebuildTransferFunctionScriptingTraits (0ms)
		AnalyzeDomain (186ms)
			TypeCache.Refresh (159ms)
				TypeCache.ScanAssembly (141ms)
			ScanForSourceGeneratedMonoScriptInfo (21ms)
			ResolveRequiredComponents (4ms)
	FinalizeReload (682ms)
		ReleaseScriptCaches (0ms)
		RebuildScriptCaches (0ms)
		SetupLoadedEditorAssemblies (496ms)
			LogAssemblyErrors (0ms)
			InitializePlatformSupportModulesInManaged (10ms)
			SetLoadedEditorAssemblies (6ms)
			RefreshPlugins (0ms)
			BeforeProcessingInitializeOnLoad (84ms)
			ProcessInitializeOnLoadAttributes (342ms)
			ProcessInitializeOnLoadMethodAttributes (49ms)
			AfterProcessingInitializeOnLoad (6ms)
			EditorAssembliesLoaded (0ms)
		ExecutionOrderSort2 (0ms)
		AwakeInstancesAfterBackupRestoration (6ms)
Launched and connected shader compiler UnityShaderCompiler.exe after 0.05 seconds
Refreshing native plugins compatible for Editor in 4.05 ms, found 4 plugins.
Preloading 0 native plugins for Editor in 0.00 ms.
Unloading 4057 Unused Serialized files (Serialized files now loaded: 0)
Unloading 68 unused Assets / (244.4 KB). Loaded Objects now: 4512.
Memory consumption went from 144.8 MB to 144.5 MB.
Total: 4.538100 ms (FindLiveObjects: 0.512900 ms CreateObjectMapping: 0.199200 ms MarkObjects: 3.527400 ms  DeleteObjects: 0.295400 ms)

AssetImportParameters requested are different than current active one (requested -> active):
  custom:container-demuxer-ogg: 62fdf1f143b41e24485cea50d1cbac27 -> 
  custom:video-codec-MediaFoundation-h265: 746d11721c4dcdbdad8f713fa42b33f4 -> 
  custom:video-decoder-ogg-theora: a1e56fd34408186e4bbccfd4996cb3dc -> 
  custom:framework-win-MediaFoundation: 216162199b28c13a410421893ffa2e32 -> 
  custom:CustomObjectIndexerAttribute: 756ad292c208cfabdd7b50bc23989ffe -> 
  custom:container-demuxer-webm: 4f35f7cbe854078d1ac9338744f61a02 -> 
  custom:container-muxer-webm: aa71ff27fc2769a1b78a27578f13a17b -> 
  custom:video-decoder-webm-vp8: 9c59270c3fd7afecdb556c50c9e8de78 -> 
  custom:SearchIndexIgnoredProperties: e643bd26f0fe6173181afceb89e7c659 -> 
  custom:AudioImporter_EditorPlatform: d09bf68614088b80899f8185d706f6e7 -> 
  custom:video-encoder-webm-vp8: eb34c28f22e8b96e1ab97ce403110664 -> 
  custom:audio-decoder-ogg-vorbis: bf7c407c2cedff20999df2af8eb42d56 -> 
  custom:audio-encoder-webm-vorbis: bf7c407c2cedff20999df2af8eb42d56 -> 
========================================================================
Received Import Request.
  Time since last request: 1308419.604158 seconds.
  path: Assets/Tilemap/tilemap.png
  artifactKey: Guid(9a5cecf11e1922549b002330623c26b7) Importer(815301076,1909f56bfc062723c751e8b465ee728b)
Start importing Assets/Tilemap/tilemap.png using Guid(9a5cecf11e1922549b002330623c26b7) Importer(815301076,1909f56bfc062723c751e8b465ee728b)  -> (artifact id: '9113b783a8f42db26e4eeea5b0c8d91c') in 0.108202 seconds
Number of updated asset objects reloaded before import = 0
Number of asset objects unloaded after import = 3
========================================================================
Received Import Request.
  Time since last request: 0.000066 seconds.
  path: Assets/Tilemap/tilemap-backgrounds.png
  artifactKey: Guid(51c6d01d32e1c7a4d9aeba65d09cb20b) Importer(815301076,1909f56bfc062723c751e8b465ee728b)
Start importing Assets/Tilemap/tilemap-backgrounds.png using Guid(51c6d01d32e1c7a4d9aeba65d09cb20b) Importer(815301076,1909f56bfc062723c751e8b465ee728b)  -> (artifact id: 'a815522299495293d19b87386eae9b86') in 0.028178 seconds
Number of updated asset objects reloaded before import = 0
Number of asset objects unloaded after import = 3
========================================================================
Received Import Request.
  Time since last request: 0.000027 seconds.
  path: Assets/Tilemap/tilemap_packed.png
  artifactKey: Guid(db52dbb1f9503934aa083596c9b3f28f) Importer(815301076,1909f56bfc062723c751e8b465ee728b)
Start importing Assets/Tilemap/tilemap_packed.png using Guid(db52dbb1f9503934aa083596c9b3f28f) Importer(815301076,1909f56bfc062723c751e8b465ee728b)  -> (artifact id: '93e0c1653681c5ed545cf7803b43342e') in 0.026963 seconds
Number of updated asset objects reloaded before import = 0
Number of asset objects unloaded after import = 3
========================================================================
Received Import Request.
  Time since last request: 461.783132 seconds.
  path: Assets/Tilemap 1
  artifactKey: Guid(6b7908c4ea215d942b1c8951ee81023b) Importer(815301076,1909f56bfc062723c751e8b465ee728b)
Start importing Assets/Tilemap 1 using Guid(6b7908c4ea215d942b1c8951ee81023b) Importer(815301076,1909f56bfc062723c751e8b465ee728b)  -> (artifact id: 'd0c03e8ac865f2e266fa93fbc50d6643') in 0.000914 seconds
Number of updated asset objects reloaded before import = 0
Number of asset objects unloaded after import = 0
========================================================================
Received Import Request.
  Time since last request: 0.074310 seconds.
  path: Assets/Tilemap 1/tilemap.png
  artifactKey: Guid(bdbc9b4bdee994d41a2e8cd4546b8e73) Importer(815301076,1909f56bfc062723c751e8b465ee728b)
Start importing Assets/Tilemap 1/tilemap.png using Guid(bdbc9b4bdee994d41a2e8cd4546b8e73) Importer(815301076,1909f56bfc062723c751e8b465ee728b)  -> (artifact id: '15339e01fed79929f910c3bc029ca70e') in 0.036824 seconds
Number of updated asset objects reloaded before import = 0
Number of asset objects unloaded after import = 3
========================================================================
Received Import Request.
  Time since last request: 68.010608 seconds.
  path: Assets/Tilemap 1/tilemap.png
  artifactKey: Guid(bdbc9b4bdee994d41a2e8cd4546b8e73) Importer(815301076,1909f56bfc062723c751e8b465ee728b)
Start importing Assets/Tilemap 1/tilemap.png using Guid(bdbc9b4bdee994d41a2e8cd4546b8e73) Importer(815301076,1909f56bfc062723c751e8b465ee728b)  -> (artifact id: 'd3e9eae883dfd4e6f49761d8113a1b4c') in 0.021139 seconds
Number of updated asset objects reloaded before import = 0
Number of asset objects unloaded after import = 2
========================================================================
Received Import Request.
  Time since last request: 20.223263 seconds.
  path: Assets/Tilemap 1/tilemap.png
  artifactKey: Guid(bdbc9b4bdee994d41a2e8cd4546b8e73) Importer(815301076,1909f56bfc062723c751e8b465ee728b)
Start importing Assets/Tilemap 1/tilemap.png using Guid(bdbc9b4bdee994d41a2e8cd4546b8e73) Importer(815301076,1909f56bfc062723c751e8b465ee728b)  -> (artifact id: '228b3d575a151db0e196c8b477501cf0') in 0.199574 seconds
Number of updated asset objects reloaded before import = 0
Number of asset objects unloaded after import = 114
========================================================================
Received Import Request.
  Time since last request: 856.246485 seconds.
  path: Assets/Tilemap 1/tilemap.prefab
  artifactKey: Guid(2b1b725768e61b64f91780baddb749d6) Importer(815301076,1909f56bfc062723c751e8b465ee728b)
Start importing Assets/Tilemap 1/tilemap.prefab using Guid(2b1b725768e61b64f91780baddb749d6) Importer(815301076,1909f56bfc062723c751e8b465ee728b)  -> (artifact id: '5509b291257bc3d1568b15261d35ce3a') in 0.121049 seconds
Number of updated asset objects reloaded before import = 0
Number of asset objects unloaded after import = 235
========================================================================
Received Import Request.
  Time since last request: 0.000031 seconds.
  path: Assets/Tilemap 1/tilemap_20.asset
  artifactKey: Guid(e261fabdac0aa9a43b69ac0759e355e4) Importer(815301076,1909f56bfc062723c751e8b465ee728b)
Start importing Assets/Tilemap 1/tilemap_20.asset using Guid(e261fabdac0aa9a43b69ac0759e355e4) Importer(815301076,1909f56bfc062723c751e8b465ee728b)  -> (artifact id: '775d4846a3cbb4363ea756cc4303088a') in 0.024045 seconds
Number of updated asset objects reloaded before import = 0
Number of asset objects unloaded after import = 3
========================================================================
Received Import Request.
  Time since last request: 0.000063 seconds.
  path: Assets/Tilemap 1/tilemap_9.asset
  artifactKey: Guid(6995ee1639011f146add026a9958aadb) Importer(815301076,1909f56bfc062723c751e8b465ee728b)
Start importing Assets/Tilemap 1/tilemap_9.asset using Guid(6995ee1639011f146add026a9958aadb) Importer(815301076,1909f56bfc062723c751e8b465ee728b)  -> (artifact id: 'f98bbe13b8f4bf8bb622679eeb33e957') in 0.021677 seconds
Number of updated asset objects reloaded before import = 0
Number of asset objects unloaded after import = 3
========================================================================
Received Import Request.
  Time since last request: 0.000018 seconds.
  path: Assets/Tilemap 1/tilemap_1.asset
  artifactKey: Guid(15fcae722887c78499b86e5b34cff927) Importer(815301076,1909f56bfc062723c751e8b465ee728b)
Start importing Assets/Tilemap 1/tilemap_1.asset using Guid(15fcae722887c78499b86e5b34cff927) Importer(815301076,1909f56bfc062723c751e8b465ee728b)  -> (artifact id: '7dc4cfa4e8691493c9d66f4ce9f84584') in 0.016761 seconds
Number of updated asset objects reloaded before import = 0
Number of asset objects unloaded after import = 3
========================================================================
Received Import Request.
  Time since last request: 0.000021 seconds.
  path: Assets/Tilemap 1/tilemap_11.asset
  artifactKey: Guid(6ad2b1beec9f05b44bea3ae39999527e) Importer(815301076,1909f56bfc062723c751e8b465ee728b)
Start importing Assets/Tilemap 1/tilemap_11.asset using Guid(6ad2b1beec9f05b44bea3ae39999527e) Importer(815301076,1909f56bfc062723c751e8b465ee728b)  -> (artifact id: '3270fb85c2839a76f058d820e61debfc') in 0.021888 seconds
Number of updated asset objects reloaded before import = 0
Number of asset objects unloaded after import = 3
========================================================================
Received Import Request.
  Time since last request: 0.000021 seconds.
  path: Assets/Tilemap 1/tilemap_12.asset
  artifactKey: Guid(8d54d74a400372d4999669a45a01ec3f) Importer(815301076,1909f56bfc062723c751e8b465ee728b)
Start importing Assets/Tilemap 1/tilemap_12.asset using Guid(8d54d74a400372d4999669a45a01ec3f) Importer(815301076,1909f56bfc062723c751e8b465ee728b)  -> (artifact id: 'ee046bf9015f8e551fc54acfdcca6fb1') in 0.018245 seconds
Number of updated asset objects reloaded before import = 0
Number of asset objects unloaded after import = 3
========================================================================
Received Import Request.
  Time since last request: 0.000087 seconds.
  path: Assets/Tilemap 1/tilemap_18.asset
  artifactKey: Guid(2307dd981dab5c34786f040349c1bef9) Importer(815301076,1909f56bfc062723c751e8b465ee728b)
Start importing Assets/Tilemap 1/tilemap_18.asset using Guid(2307dd981dab5c34786f040349c1bef9) Importer(815301076,1909f56bfc062723c751e8b465ee728b)  -> (artifact id: 'f8e39fea7c476ae00de3b1db12a83e1a') in 0.015710 seconds
Number of updated asset objects reloaded before import = 0
Number of asset objects unloaded after import = 3
========================================================================
Received Import Request.
  Time since last request: 0.000042 seconds.
  path: Assets/Tilemap 1/tilemap_10.asset
  artifactKey: Guid(3513e396a8f79a74bb4bfef18274592d) Importer(815301076,1909f56bfc062723c751e8b465ee728b)
Start importing Assets/Tilemap 1/tilemap_10.asset using Guid(3513e396a8f79a74bb4bfef18274592d) Importer(815301076,1909f56bfc062723c751e8b465ee728b)  -> (artifact id: '301290b848c6e8fa5ad0f23cc8a2ac58') in 0.018887 seconds
Number of updated asset objects reloaded before import = 0
Number of asset objects unloaded after import = 3
========================================================================
Received Import Request.
  Time since last request: 0.000028 seconds.
  path: Assets/Tilemap 1/tilemap_19.asset
  artifactKey: Guid(08b5f8b0521fbef49bc89884ee82b289) Importer(815301076,1909f56bfc062723c751e8b465ee728b)
Start importing Assets/Tilemap 1/tilemap_19.asset using Guid(08b5f8b0521fbef49bc89884ee82b289) Importer(815301076,1909f56bfc062723c751e8b465ee728b)  -> (artifact id: '7885682546b5d7113012a8aeab8c73f1') in 0.015648 seconds
Number of updated asset objects reloaded before import = 0
Number of asset objects unloaded after import = 3
========================================================================
Received Import Request.
  Time since last request: 0.000019 seconds.
  path: Assets/Tilemap 1/tilemap_2.asset
  artifactKey: Guid(2492ac1618c25694fa6d75a80b88a999) Importer(815301076,1909f56bfc062723c751e8b465ee728b)
Start importing Assets/Tilemap 1/tilemap_2.asset using Guid(2492ac1618c25694fa6d75a80b88a999) Importer(815301076,1909f56bfc062723c751e8b465ee728b)  -> (artifact id: '3640b1973a51c45a4221c6d2a61299a0') in 0.014384 seconds
Number of updated asset objects reloaded before import = 0
Number of asset objects unloaded after import = 3
========================================================================
Received Import Request.
  Time since last request: 0.224040 seconds.
  path: Assets/Tilemap 1/tilemap_23.asset
  artifactKey: Guid(5686a55b1d160c54ebd75f39d47d8d5b) Importer(815301076,1909f56bfc062723c751e8b465ee728b)
Start importing Assets/Tilemap 1/tilemap_23.asset using Guid(5686a55b1d160c54ebd75f39d47d8d5b) Importer(815301076,1909f56bfc062723c751e8b465ee728b)  -> (artifact id: '9ddd68379685a9781613d8d9e671693b') in 0.021440 seconds
Number of updated asset objects reloaded before import = 0
Number of asset objects unloaded after import = 3
========================================================================
Received Import Request.
  Time since last request: 0.000022 seconds.
  path: Assets/Tilemap 1/tilemap_29.asset
  artifactKey: Guid(9cb46e2f4d111b14ba2ce09a9792ca7b) Importer(815301076,1909f56bfc062723c751e8b465ee728b)
Start importing Assets/Tilemap 1/tilemap_29.asset using Guid(9cb46e2f4d111b14ba2ce09a9792ca7b) Importer(815301076,1909f56bfc062723c751e8b465ee728b)  -> (artifact id: '34c97cc8d4a5cd0bd43fabf5f392de08') in 0.015014 seconds
Number of updated asset objects reloaded before import = 0
Number of asset objects unloaded after import = 3
========================================================================
Received Import Request.
  Time since last request: 0.000016 seconds.
  path: Assets/Tilemap 1/tilemap_27.asset
  artifactKey: Guid(2e97c463f65f63944bd8a36d6e9a5264) Importer(815301076,1909f56bfc062723c751e8b465ee728b)
Start importing Assets/Tilemap 1/tilemap_27.asset using Guid(2e97c463f65f63944bd8a36d6e9a5264) Importer(815301076,1909f56bfc062723c751e8b465ee728b)  -> (artifact id: 'ae430673ed1c91b56581af112570e7ec') in 0.018752 seconds
Number of updated asset objects reloaded before import = 0
Number of asset objects unloaded after import = 3
========================================================================
Received Import Request.
  Time since last request: 0.000076 seconds.
  path: Assets/Tilemap 1/tilemap_36.asset
  artifactKey: Guid(853b23b76328ccd4990c239adf3f52dd) Importer(815301076,1909f56bfc062723c751e8b465ee728b)
Start importing Assets/Tilemap 1/tilemap_36.asset using Guid(853b23b76328ccd4990c239adf3f52dd) Importer(815301076,1909f56bfc062723c751e8b465ee728b)  -> (artifact id: '9138f0165d1449f8f4070a9052d0f1db') in 0.014622 seconds
Number of updated asset objects reloaded before import = 0
Number of asset objects unloaded after import = 3
========================================================================
Received Import Request.
  Time since last request: 0.000023 seconds.
  path: Assets/Tilemap 1/tilemap_33.asset
  artifactKey: Guid(82025458a38ce6648a44a4d570d82861) Importer(815301076,1909f56bfc062723c751e8b465ee728b)
Start importing Assets/Tilemap 1/tilemap_33.asset using Guid(82025458a38ce6648a44a4d570d82861) Importer(815301076,1909f56bfc062723c751e8b465ee728b)  -> (artifact id: 'b68f74793cdb5949136d611cd50b3efa') in 0.016058 seconds
Number of updated asset objects reloaded before import = 0
Number of asset objects unloaded after import = 3
========================================================================
Received Import Request.
  Time since last request: 0.000038 seconds.
  path: Assets/Tilemap 1/tilemap_31.asset
  artifactKey: Guid(724c61ba2483ee846b13b9d221326d84) Importer(815301076,1909f56bfc062723c751e8b465ee728b)
Start importing Assets/Tilemap 1/tilemap_31.asset using Guid(724c61ba2483ee846b13b9d221326d84) Importer(815301076,1909f56bfc062723c751e8b465ee728b)  -> (artifact id: '406012c841ada571a662117dc7361c18') in 0.016362 seconds
Number of updated asset objects reloaded before import = 0
Number of asset objects unloaded after import = 3
========================================================================
Received Import Request.
  Time since last request: 0.000031 seconds.
  path: Assets/Tilemap 1/tilemap_35.asset
  artifactKey: Guid(42a6da966846396449f10500c631e13c) Importer(815301076,1909f56bfc062723c751e8b465ee728b)
Start importing Assets/Tilemap 1/tilemap_35.asset using Guid(42a6da966846396449f10500c631e13c) Importer(815301076,1909f56bfc062723c751e8b465ee728b)  -> (artifact id: 'c28dd92e05fa386a8d136fa5596e78c4') in 0.019987 seconds
Number of updated asset objects reloaded before import = 0
Number of asset objects unloaded after import = 3
========================================================================
Received Import Request.
  Time since last request: 0.000035 seconds.
  path: Assets/Tilemap 1/tilemap_25.asset
  artifactKey: Guid(1bf3a1fad38f8dc419cc67ae23289a35) Importer(815301076,1909f56bfc062723c751e8b465ee728b)
Start importing Assets/Tilemap 1/tilemap_25.asset using Guid(1bf3a1fad38f8dc419cc67ae23289a35) Importer(815301076,1909f56bfc062723c751e8b465ee728b)  -> (artifact id: '5e30052cba76b2d4e98d5528401a267a') in 0.018054 seconds
Number of updated asset objects reloaded before import = 0
Number of asset objects unloaded after import = 3
========================================================================
Received Import Request.
  Time since last request: 1.036906 seconds.
  path: Assets/Tilemap 1/tilemap_39.asset
  artifactKey: Guid(faf3c87f687ba3c45a244563a506c85b) Importer(815301076,1909f56bfc062723c751e8b465ee728b)
Start importing Assets/Tilemap 1/tilemap_39.asset using Guid(faf3c87f687ba3c45a244563a506c85b) Importer(815301076,1909f56bfc062723c751e8b465ee728b)  -> (artifact id: '176a429cc4d62e406368209758b3e1d1') in 0.017950 seconds
Number of updated asset objects reloaded before import = 0
Number of asset objects unloaded after import = 3
========================================================================
Received Import Request.
  Time since last request: 0.000024 seconds.
  path: Assets/Tilemap 1/tilemap_44.asset
  artifactKey: Guid(f9a905fff4107ed488b86d4cedf2e6df) Importer(815301076,1909f56bfc062723c751e8b465ee728b)
Start importing Assets/Tilemap 1/tilemap_44.asset using Guid(f9a905fff4107ed488b86d4cedf2e6df) Importer(815301076,1909f56bfc062723c751e8b465ee728b)  -> (artifact id: '7de9ad3601dc526c1ca80c1d200c877c') in 0.015363 seconds
Number of updated asset objects reloaded before import = 0
Number of asset objects unloaded after import = 3
========================================================================
Received Import Request.
  Time since last request: 0.000032 seconds.
  path: Assets/Tilemap 1/tilemap_45.asset
  artifactKey: Guid(f5bd6b0d874675d4f8e451a8790a17a6) Importer(815301076,1909f56bfc062723c751e8b465ee728b)
Start importing Assets/Tilemap 1/tilemap_45.asset using Guid(f5bd6b0d874675d4f8e451a8790a17a6) Importer(815301076,1909f56bfc062723c751e8b465ee728b)  -> (artifact id: '36777ef32a3c6790a6dec6a2b8b95e9b') in 0.014719 seconds
Number of updated asset objects reloaded before import = 0
Number of asset objects unloaded after import = 3
========================================================================
Received Import Request.
  Time since last request: 0.000021 seconds.
  path: Assets/Tilemap 1/tilemap_42.asset
  artifactKey: Guid(4a617e4b0372cfe4d86b238dd36fe3fa) Importer(815301076,1909f56bfc062723c751e8b465ee728b)
Start importing Assets/Tilemap 1/tilemap_42.asset using Guid(4a617e4b0372cfe4d86b238dd36fe3fa) Importer(815301076,1909f56bfc062723c751e8b465ee728b)  -> (artifact id: 'a34e105799d3492ae2c3a5c68590e3f8') in 0.015159 seconds
Number of updated asset objects reloaded before import = 0
Number of asset objects unloaded after import = 3
========================================================================
Received Import Request.
  Time since last request: 4.569921 seconds.
  path: Assets/Tilemap 1/tilemap_47.asset
  artifactKey: Guid(5fa9c32bc0d1a2d4992816cdaf8ff25b) Importer(815301076,1909f56bfc062723c751e8b465ee728b)
Start importing Assets/Tilemap 1/tilemap_47.asset using Guid(5fa9c32bc0d1a2d4992816cdaf8ff25b) Importer(815301076,1909f56bfc062723c751e8b465ee728b)  -> (artifact id: '249fda09d4c897b88800554d69ccd6a0') in 0.018308 seconds
Number of updated asset objects reloaded before import = 0
Number of asset objects unloaded after import = 3
========================================================================
Received Import Request.
  Time since last request: 0.000029 seconds.
  path: Assets/Tilemap 1/tilemap_51.asset
  artifactKey: Guid(17c0f33e09e79fd4d8d501f6a593c0c8) Importer(815301076,1909f56bfc062723c751e8b465ee728b)
Start importing Assets/Tilemap 1/tilemap_51.asset using Guid(17c0f33e09e79fd4d8d501f6a593c0c8) Importer(815301076,1909f56bfc062723c751e8b465ee728b)  -> (artifact id: '0acf2ffcd3b71044f52d2a03ba23456b') in 0.020778 seconds
Number of updated asset objects reloaded before import = 0
Number of asset objects unloaded after import = 3
========================================================================
Received Import Request.
  Time since last request: 0.000026 seconds.
  path: Assets/Tilemap 1/tilemap_54.asset
  artifactKey: Guid(75886286dd10f8d44a1a105908af96b0) Importer(815301076,1909f56bfc062723c751e8b465ee728b)
Start importing Assets/Tilemap 1/tilemap_54.asset using Guid(75886286dd10f8d44a1a105908af96b0) Importer(815301076,1909f56bfc062723c751e8b465ee728b)  -> (artifact id: 'b27271629c595911e86e69ccb50c914a') in 0.017317 seconds
Number of updated asset objects reloaded before import = 0
Number of asset objects unloaded after import = 3
========================================================================
Received Import Request.
  Time since last request: 0.000041 seconds.
  path: Assets/Tilemap 1/tilemap_53.asset
  artifactKey: Guid(38a443dce0c06d24287eb1785d66d8e4) Importer(815301076,1909f56bfc062723c751e8b465ee728b)
Start importing Assets/Tilemap 1/tilemap_53.asset using Guid(38a443dce0c06d24287eb1785d66d8e4) Importer(815301076,1909f56bfc062723c751e8b465ee728b)  -> (artifact id: '710dd80640f0a467c2c57604fb9156e9') in 0.005724 seconds
Number of updated asset objects reloaded before import = 0
Number of asset objects unloaded after import = 3
========================================================================
Received Import Request.
  Time since last request: 0.000016 seconds.
  path: Assets/Tilemap 1/tilemap_61.asset
  artifactKey: Guid(3edbc27d55168534189776760d0ea514) Importer(815301076,1909f56bfc062723c751e8b465ee728b)
Start importing Assets/Tilemap 1/tilemap_61.asset using Guid(3edbc27d55168534189776760d0ea514) Importer(815301076,1909f56bfc062723c751e8b465ee728b)  -> (artifact id: 'f0648ecc4bb8a49dd46e1b4cbd90e050') in 0.016701 seconds
Number of updated asset objects reloaded before import = 0
Number of asset objects unloaded after import = 3
========================================================================
Received Import Request.
  Time since last request: 0.000022 seconds.
  path: Assets/Tilemap 1/tilemap_62.asset
  artifactKey: Guid(1651bbe31d3ef4841a009e86aca490a2) Importer(815301076,1909f56bfc062723c751e8b465ee728b)
Start importing Assets/Tilemap 1/tilemap_62.asset using Guid(1651bbe31d3ef4841a009e86aca490a2) Importer(815301076,1909f56bfc062723c751e8b465ee728b)  -> (artifact id: 'be6c99d978430e661037f8c1b60b893d') in 0.017442 seconds
Number of updated asset objects reloaded before import = 0
Number of asset objects unloaded after import = 3
========================================================================
Received Import Request.
  Time since last request: 0.000020 seconds.
  path: Assets/Tilemap 1/tilemap_55.asset
  artifactKey: Guid(47441ca5bfbab884296ec446b655b0f3) Importer(815301076,1909f56bfc062723c751e8b465ee728b)
Start importing Assets/Tilemap 1/tilemap_55.asset using Guid(47441ca5bfbab884296ec446b655b0f3) Importer(815301076,1909f56bfc062723c751e8b465ee728b)  -> (artifact id: '32f01b62c4ab0d09428ca7079f1641e5') in 0.013970 seconds
Number of updated asset objects reloaded before import = 0
Number of asset objects unloaded after import = 3
========================================================================
Received Import Request.
  Time since last request: 0.246720 seconds.
  path: Assets/Tilemap 1/tilemap_63.asset
  artifactKey: Guid(048ec2e464e70ae4dbf1d3bcb60aae16) Importer(815301076,1909f56bfc062723c751e8b465ee728b)
Start importing Assets/Tilemap 1/tilemap_63.asset using Guid(048ec2e464e70ae4dbf1d3bcb60aae16) Importer(815301076,1909f56bfc062723c751e8b465ee728b)  -> (artifact id: '4767694c88898d89d393300dab3396ea') in 0.016706 seconds
Number of updated asset objects reloaded before import = 0
Number of asset objects unloaded after import = 3
========================================================================
Received Import Request.
  Time since last request: 0.000022 seconds.
  path: Assets/Tilemap 1/tilemap_67.asset
  artifactKey: Guid(b1720923a7bbf964183d596f166b95bf) Importer(815301076,1909f56bfc062723c751e8b465ee728b)
Start importing Assets/Tilemap 1/tilemap_67.asset using Guid(b1720923a7bbf964183d596f166b95bf) Importer(815301076,1909f56bfc062723c751e8b465ee728b)  -> (artifact id: '7ec6d0644ceb7798f226d360e73b1949') in 0.015868 seconds
Number of updated asset objects reloaded before import = 0
Number of asset objects unloaded after import = 3
========================================================================
Received Import Request.
  Time since last request: 0.000018 seconds.
  path: Assets/Tilemap 1/tilemap_72.asset
  artifactKey: Guid(d7e1815745d8a18459c74651109c209f) Importer(815301076,1909f56bfc062723c751e8b465ee728b)
Start importing Assets/Tilemap 1/tilemap_72.asset using Guid(d7e1815745d8a18459c74651109c209f) Importer(815301076,1909f56bfc062723c751e8b465ee728b)  -> (artifact id: '77cdf31dbdc18b7febd1e54ad9066a79') in 0.015112 seconds
Number of updated asset objects reloaded before import = 0
Number of asset objects unloaded after import = 3
========================================================================
Received Import Request.
  Time since last request: 0.000020 seconds.
  path: Assets/Tilemap 1/tilemap_71.asset
  artifactKey: Guid(5770ac056728808429b79c2128a3972e) Importer(815301076,1909f56bfc062723c751e8b465ee728b)
Start importing Assets/Tilemap 1/tilemap_71.asset using Guid(5770ac056728808429b79c2128a3972e) Importer(815301076,1909f56bfc062723c751e8b465ee728b)  -> (artifact id: '9e84f20c3adfd3dcf417a2be9214f857') in 0.016142 seconds
Number of updated asset objects reloaded before import = 0
Number of asset objects unloaded after import = 3
========================================================================
Received Import Request.
  Time since last request: 0.000015 seconds.
  path: Assets/Tilemap 1/tilemap_70.asset
  artifactKey: Guid(b3f00b93e5621b54c8ba930d3e726c93) Importer(815301076,1909f56bfc062723c751e8b465ee728b)
Start importing Assets/Tilemap 1/tilemap_70.asset using Guid(b3f00b93e5621b54c8ba930d3e726c93) Importer(815301076,1909f56bfc062723c751e8b465ee728b)  -> (artifact id: 'd9867cc24e0ad9306dee01ca3dbc9223') in 0.017538 seconds
Number of updated asset objects reloaded before import = 0
Number of asset objects unloaded after import = 3
========================================================================
Received Import Request.
  Time since last request: 0.000018 seconds.
  path: Assets/Tilemap 1/tilemap_76.asset
  artifactKey: Guid(9bf3dfb8371d624468208b1f867a8539) Importer(815301076,1909f56bfc062723c751e8b465ee728b)
Start importing Assets/Tilemap 1/tilemap_76.asset using Guid(9bf3dfb8371d624468208b1f867a8539) Importer(815301076,1909f56bfc062723c751e8b465ee728b)  -> (artifact id: '3ccb7fad352520d721ddc88b56a133b6') in 0.016144 seconds
Number of updated asset objects reloaded before import = 0
Number of asset objects unloaded after import = 3
========================================================================
Received Import Request.
  Time since last request: 0.000018 seconds.
  path: Assets/Tilemap 1/tilemap_85.asset
  artifactKey: Guid(2adf41bb79328c94e8107b8c1fc67292) Importer(815301076,1909f56bfc062723c751e8b465ee728b)
Start importing Assets/Tilemap 1/tilemap_85.asset using Guid(2adf41bb79328c94e8107b8c1fc67292) Importer(815301076,1909f56bfc062723c751e8b465ee728b)  -> (artifact id: '61c5da25b400bd86da99926cdf05ea96') in 0.014841 seconds
Number of updated asset objects reloaded before import = 0
Number of asset objects unloaded after import = 3
========================================================================
Received Import Request.
  Time since last request: 0.000032 seconds.
  path: Assets/Tilemap 1/tilemap_93.asset
  artifactKey: Guid(351155e3065d67f4bb36cd4d4d29ed56) Importer(815301076,1909f56bfc062723c751e8b465ee728b)
Start importing Assets/Tilemap 1/tilemap_93.asset using Guid(351155e3065d67f4bb36cd4d4d29ed56) Importer(815301076,1909f56bfc062723c751e8b465ee728b)  -> (artifact id: '099836c4106e9b7350fa43995172930d') in 0.014813 seconds
Number of updated asset objects reloaded before import = 0
Number of asset objects unloaded after import = 3
========================================================================
Received Import Request.
  Time since last request: 0.000018 seconds.
  path: Assets/Tilemap 1/tilemap_89.asset
  artifactKey: Guid(cd932cbc54991fb489a510b93da14301) Importer(815301076,1909f56bfc062723c751e8b465ee728b)
Start importing Assets/Tilemap 1/tilemap_89.asset using Guid(cd932cbc54991fb489a510b93da14301) Importer(815301076,1909f56bfc062723c751e8b465ee728b)  -> (artifact id: '3a5bd9d5e32782f7c3397f6801e1e076') in 0.015924 seconds
Number of updated asset objects reloaded before import = 0
Number of asset objects unloaded after import = 3
========================================================================
Received Import Request.
  Time since last request: 0.000021 seconds.
  path: Assets/Tilemap 1/tilemap_90.asset
  artifactKey: Guid(4b55d28032f5a6d478cc49816982ad5a) Importer(815301076,1909f56bfc062723c751e8b465ee728b)
Start importing Assets/Tilemap 1/tilemap_90.asset using Guid(4b55d28032f5a6d478cc49816982ad5a) Importer(815301076,1909f56bfc062723c751e8b465ee728b)  -> (artifact id: '1e6c93065d1329d48f8e077d373b73c2') in 0.014927 seconds
Number of updated asset objects reloaded before import = 0
Number of asset objects unloaded after import = 3
========================================================================
Received Import Request.
  Time since last request: 0.000017 seconds.
  path: Assets/Tilemap 1/tilemap_83.asset
  artifactKey: Guid(a68117f8a5dbbf44fb3cc43bbc870729) Importer(815301076,1909f56bfc062723c751e8b465ee728b)
Start importing Assets/Tilemap 1/tilemap_83.asset using Guid(a68117f8a5dbbf44fb3cc43bbc870729) Importer(815301076,1909f56bfc062723c751e8b465ee728b)  -> (artifact id: '2527e02850a883ad6306eb1a15b96c27') in 0.015342 seconds
Number of updated asset objects reloaded before import = 0
Number of asset objects unloaded after import = 3
========================================================================
Received Import Request.
  Time since last request: 0.523840 seconds.
  path: Assets/Tilemap 1/tilemap_95.asset
  artifactKey: Guid(fb023d0b60fbfa042b115c4420c19273) Importer(815301076,1909f56bfc062723c751e8b465ee728b)
Start importing Assets/Tilemap 1/tilemap_95.asset using Guid(fb023d0b60fbfa042b115c4420c19273) Importer(815301076,1909f56bfc062723c751e8b465ee728b)  -> (artifact id: '655246dd1f69ac93d23517695cb97848') in 0.018577 seconds
Number of updated asset objects reloaded before import = 0
Number of asset objects unloaded after import = 3
========================================================================
Received Import Request.
  Time since last request: 0.000062 seconds.
  path: Assets/Tilemap 1/tilemap_99.asset
  artifactKey: Guid(8a3a3f6505ed09846ac13881f85df9cc) Importer(815301076,1909f56bfc062723c751e8b465ee728b)
Start importing Assets/Tilemap 1/tilemap_99.asset using Guid(8a3a3f6505ed09846ac13881f85df9cc) Importer(815301076,1909f56bfc062723c751e8b465ee728b)  -> (artifact id: '30d7a8c52bc026a66a26db40f4b2d594') in 0.015019 seconds
Number of updated asset objects reloaded before import = 0
Number of asset objects unloaded after import = 3
========================================================================
Received Import Request.
  Time since last request: 0.000046 seconds.
  path: Assets/Tilemap 1/tilemap_108.asset
  artifactKey: Guid(f8ff1c7fa8773e047baed5459db58f43) Importer(815301076,1909f56bfc062723c751e8b465ee728b)
Start importing Assets/Tilemap 1/tilemap_108.asset using Guid(f8ff1c7fa8773e047baed5459db58f43) Importer(815301076,1909f56bfc062723c751e8b465ee728b)  -> (artifact id: '52794d72da948ea7585c07e495959eb2') in 0.014646 seconds
Number of updated asset objects reloaded before import = 0
Number of asset objects unloaded after import = 3
========================================================================
Received Import Request.
  Time since last request: 0.000030 seconds.
  path: Assets/Tilemap 1/tilemap_98.asset
  artifactKey: Guid(cd6388164f954774f8dddc754881af94) Importer(815301076,1909f56bfc062723c751e8b465ee728b)
Start importing Assets/Tilemap 1/tilemap_98.asset using Guid(cd6388164f954774f8dddc754881af94) Importer(815301076,1909f56bfc062723c751e8b465ee728b)  -> (artifact id: '7f86d13b209df8ee6f7bbe929c669c95') in 0.015067 seconds
Number of updated asset objects reloaded before import = 0
Number of asset objects unloaded after import = 3
========================================================================
Received Import Request.
  Time since last request: 0.000022 seconds.
  path: Assets/Tilemap 1/tilemap_101.asset
  artifactKey: Guid(352aa180791968e4486dcbd489bf887d) Importer(815301076,1909f56bfc062723c751e8b465ee728b)
Start importing Assets/Tilemap 1/tilemap_101.asset using Guid(352aa180791968e4486dcbd489bf887d) Importer(815301076,1909f56bfc062723c751e8b465ee728b)  -> (artifact id: '6180052f6ffec9913df3967ee753af5c') in 0.016541 seconds
Number of updated asset objects reloaded before import = 0
Number of asset objects unloaded after import = 3
========================================================================
Received Import Request.
  Time since last request: 0.000028 seconds.
  path: Assets/Tilemap 1/tilemap_103.asset
  artifactKey: Guid(bf109b83d3312574e87a4304fd3c3f6d) Importer(815301076,1909f56bfc062723c751e8b465ee728b)
Start importing Assets/Tilemap 1/tilemap_103.asset using Guid(bf109b83d3312574e87a4304fd3c3f6d) Importer(815301076,1909f56bfc062723c751e8b465ee728b)  -> (artifact id: 'dc5318ae88ff2f61112f519e5f15351f') in 0.013009 seconds
Number of updated asset objects reloaded before import = 0
Number of asset objects unloaded after import = 3
========================================================================
Received Import Request.
  Time since last request: 134.456420 seconds.
  path: Assets/Tilemap/tilemap-backgrounds.png
  artifactKey: Guid(51c6d01d32e1c7a4d9aeba65d09cb20b) Importer(815301076,1909f56bfc062723c751e8b465ee728b)
Start importing Assets/Tilemap/tilemap-backgrounds.png using Guid(51c6d01d32e1c7a4d9aeba65d09cb20b) Importer(815301076,1909f56bfc062723c751e8b465ee728b)  -> (artifact id: '0e6725a8c73a495d7197255297592af7') in 0.019106 seconds
Number of updated asset objects reloaded before import = 0
Number of asset objects unloaded after import = 2
========================================================================
Received Import Request.
  Time since last request: 4.687193 seconds.
  path: Assets/Tilemap/tilemap-backgrounds.png
  artifactKey: Guid(51c6d01d32e1c7a4d9aeba65d09cb20b) Importer(815301076,1909f56bfc062723c751e8b465ee728b)
Start importing Assets/Tilemap/tilemap-backgrounds.png using Guid(51c6d01d32e1c7a4d9aeba65d09cb20b) Importer(815301076,1909f56bfc062723c751e8b465ee728b)  -> (artifact id: '0628d03b86d27d6762c03752b351f3c7') in 0.057095 seconds
Number of updated asset objects reloaded before import = 0
Number of asset objects unloaded after import = 26
========================================================================
Received Import Request.
  Time since last request: 132.274889 seconds.
  path: Assets/Tilemap/sky.prefab
  artifactKey: Guid(39a9a61f1b5778d478b3e6014aa88697) Importer(815301076,1909f56bfc062723c751e8b465ee728b)
Start importing Assets/Tilemap/sky.prefab using Guid(39a9a61f1b5778d478b3e6014aa88697) Importer(815301076,1909f56bfc062723c751e8b465ee728b)  -> (artifact id: '60d49943d772e739cdd4fc2907abd4e4') in 0.021005 seconds
Number of updated asset objects reloaded before import = 0
Number of asset objects unloaded after import = 10
========================================================================
Received Import Request.
  Time since last request: 8.148508 seconds.
  path: Assets/Tilemap/sky.prefab
  artifactKey: Guid(39a9a61f1b5778d478b3e6014aa88697) Importer(815301076,1909f56bfc062723c751e8b465ee728b)
Start importing Assets/Tilemap/sky.prefab using Guid(39a9a61f1b5778d478b3e6014aa88697) Importer(815301076,1909f56bfc062723c751e8b465ee728b)  -> (artifact id: '4f2dd7369db6afbabbb4fb18bb085285') in 0.028277 seconds
Number of updated asset objects reloaded before import = 0
Number of asset objects unloaded after import = 59
========================================================================
Received Import Request.
  Time since last request: 235.156805 seconds.
  path: Assets/Tilemap/ground 2.prefab
  artifactKey: Guid(cf9b26d0ec508cd4095a3d9ac034d2a1) Importer(815301076,1909f56bfc062723c751e8b465ee728b)
Start importing Assets/Tilemap/ground 2.prefab using Guid(cf9b26d0ec508cd4095a3d9ac034d2a1) Importer(815301076,1909f56bfc062723c751e8b465ee728b)  -> (artifact id: '64bd1b79583b6c5cdbb29d6445b259a7') in 0.016477 seconds
Number of updated asset objects reloaded before import = 0
Number of asset objects unloaded after import = 10
========================================================================
Received Import Request.
  Time since last request: 18.511106 seconds.
  path: Assets/Tilemap 1/tilemap.prefab
  artifactKey: Guid(2b1b725768e61b64f91780baddb749d6) Importer(815301076,1909f56bfc062723c751e8b465ee728b)
Start importing Assets/Tilemap 1/tilemap.prefab using Guid(2b1b725768e61b64f91780baddb749d6) Importer(815301076,1909f56bfc062723c751e8b465ee728b)  -> (artifact id: '19153cce080ad1c290d21b1dddfc3aa7') in 0.068785 seconds
Number of updated asset objects reloaded before import = 0
Number of asset objects unloaded after import = 285
========================================================================
Received Import Request.
  Time since last request: 0.000020 seconds.
  path: Assets/Tilemap 1/tilemap-backgrounds_12.asset
  artifactKey: Guid(4c6ddf34e2e917644ae55753f5af1c9f) Importer(815301076,1909f56bfc062723c751e8b465ee728b)
Start importing Assets/Tilemap 1/tilemap-backgrounds_12.asset using Guid(4c6ddf34e2e917644ae55753f5af1c9f) Importer(815301076,1909f56bfc062723c751e8b465ee728b)  -> (artifact id: 'cd8c2e02c0cafae4c7cf48b7de4069eb') in 0.015216 seconds
Number of updated asset objects reloaded before import = 0
Number of asset objects unloaded after import = 3
========================================================================
Received Import Request.
  Time since last request: 0.000027 seconds.
  path: Assets/Tilemap 1/tilemap-backgrounds_3.asset
  artifactKey: Guid(bebd35a39a7a3884aa9f86dfd724ffe7) Importer(815301076,1909f56bfc062723c751e8b465ee728b)
Start importing Assets/Tilemap 1/tilemap-backgrounds_3.asset using Guid(bebd35a39a7a3884aa9f86dfd724ffe7) Importer(815301076,1909f56bfc062723c751e8b465ee728b)  -> (artifact id: 'c7954d763ba87db1f3d312ea5e4e2a74') in 0.006888 seconds
Number of updated asset objects reloaded before import = 0
Number of asset objects unloaded after import = 3
========================================================================
Received Import Request.
  Time since last request: 0.000031 seconds.
  path: Assets/Tilemap 1/tilemap-backgrounds_13.asset
  artifactKey: Guid(fa4ebbb0f1c223c4e8301faa5f0f476f) Importer(815301076,1909f56bfc062723c751e8b465ee728b)
Start importing Assets/Tilemap 1/tilemap-backgrounds_13.asset using Guid(fa4ebbb0f1c223c4e8301faa5f0f476f) Importer(815301076,1909f56bfc062723c751e8b465ee728b)  -> (artifact id: '8af0fe4e71a9c53004b7763c29c4d6fc') in 0.015386 seconds
Number of updated asset objects reloaded before import = 0
Number of asset objects unloaded after import = 3
========================================================================
Received Import Request.
  Time since last request: 0.000020 seconds.
  path: Assets/Tilemap 1/tilemap-backgrounds_21.asset
  artifactKey: Guid(842bb018eb8c34742957ae1eee8a18a3) Importer(815301076,1909f56bfc062723c751e8b465ee728b)
Start importing Assets/Tilemap 1/tilemap-backgrounds_21.asset using Guid(842bb018eb8c34742957ae1eee8a18a3) Importer(815301076,1909f56bfc062723c751e8b465ee728b)  -> (artifact id: '776ad4631853d2ad407a0dd0c0dae07f') in 0.007098 seconds
Number of updated asset objects reloaded before import = 0
Number of asset objects unloaded after import = 3
========================================================================
Received Import Request.
  Time since last request: 0.000018 seconds.
  path: Assets/Tilemap 1/tilemap-backgrounds_0.asset
  artifactKey: Guid(570b5f6142248bb45a4acc38c183593c) Importer(815301076,1909f56bfc062723c751e8b465ee728b)
Start importing Assets/Tilemap 1/tilemap-backgrounds_0.asset using Guid(570b5f6142248bb45a4acc38c183593c) Importer(815301076,1909f56bfc062723c751e8b465ee728b)  -> (artifact id: '7be3a750f92d2000faa4a2491bc50d17') in 0.005132 seconds
Number of updated asset objects reloaded before import = 0
Number of asset objects unloaded after import = 3
========================================================================
Received Import Request.
  Time since last request: 0.000017 seconds.
  path: Assets/Tilemap 1/tilemap-backgrounds_6.asset
  artifactKey: Guid(c691363b1dc947247a7590512bb6981b) Importer(815301076,1909f56bfc062723c751e8b465ee728b)
Start importing Assets/Tilemap 1/tilemap-backgrounds_6.asset using Guid(c691363b1dc947247a7590512bb6981b) Importer(815301076,1909f56bfc062723c751e8b465ee728b)  -> (artifact id: '9d01a40b3b35759c79c5692940ab1feb') in 0.006327 seconds
Number of updated asset objects reloaded before import = 0
Number of asset objects unloaded after import = 3
========================================================================
Received Import Request.
  Time since last request: 0.000016 seconds.
  path: Assets/Tilemap 1/tilemap-backgrounds_14.asset
  artifactKey: Guid(1324d0e0bf12a734296295ea103756af) Importer(815301076,1909f56bfc062723c751e8b465ee728b)
Start importing Assets/Tilemap 1/tilemap-backgrounds_14.asset using Guid(1324d0e0bf12a734296295ea103756af) Importer(815301076,1909f56bfc062723c751e8b465ee728b)  -> (artifact id: 'a96808e3abf3fcc7973dd89a9e63c9e3') in 0.016941 seconds
Number of updated asset objects reloaded before import = 0
Number of asset objects unloaded after import = 3
========================================================================
Received Import Request.
  Time since last request: 0.000017 seconds.
  path: Assets/Tilemap 1/tilemap-backgrounds_17.asset
  artifactKey: Guid(bd60c14307ebb8c44bcd579113ea96e7) Importer(815301076,1909f56bfc062723c751e8b465ee728b)
Start importing Assets/Tilemap 1/tilemap-backgrounds_17.asset using Guid(bd60c14307ebb8c44bcd579113ea96e7) Importer(815301076,1909f56bfc062723c751e8b465ee728b)  -> (artifact id: 'e2ce6e166a04fe15a0cad78e5f323940') in 0.006711 seconds
Number of updated asset objects reloaded before import = 0
Number of asset objects unloaded after import = 3
========================================================================
Received Import Request.
  Time since last request: 0.000018 seconds.
  path: Assets/Tilemap 1/tilemap-backgrounds_4.asset
  artifactKey: Guid(73ea224f3b96f46409e4c3bf757f17a4) Importer(815301076,1909f56bfc062723c751e8b465ee728b)
Start importing Assets/Tilemap 1/tilemap-backgrounds_4.asset using Guid(73ea224f3b96f46409e4c3bf757f17a4) Importer(815301076,1909f56bfc062723c751e8b465ee728b)  -> (artifact id: '5c2e6116e1307b1ee26af97ee0327a4a') in 0.015278 seconds
Number of updated asset objects reloaded before import = 0
Number of asset objects unloaded after import = 3
========================================================================
Received Import Request.
  Time since last request: 0.000019 seconds.
  path: Assets/Tilemap 1/tilemap-backgrounds_5.asset
  artifactKey: Guid(5c85dd9534b0100469f4de75285e9b32) Importer(815301076,1909f56bfc062723c751e8b465ee728b)
Start importing Assets/Tilemap 1/tilemap-backgrounds_5.asset using Guid(5c85dd9534b0100469f4de75285e9b32) Importer(815301076,1909f56bfc062723c751e8b465ee728b)  -> (artifact id: 'ab99951ba003139638663a07490a811c') in 0.007173 seconds
Number of updated asset objects reloaded before import = 0
Number of asset objects unloaded after import = 3
========================================================================
Received Import Request.
  Time since last request: 0.000016 seconds.
  path: Assets/Tilemap 1/tilemap-backgrounds_1.asset
  artifactKey: Guid(13f76aabace47b747a5bb14ffd3703ff) Importer(815301076,1909f56bfc062723c751e8b465ee728b)
Start importing Assets/Tilemap 1/tilemap-backgrounds_1.asset using Guid(13f76aabace47b747a5bb14ffd3703ff) Importer(815301076,1909f56bfc062723c751e8b465ee728b)  -> (artifact id: 'd3b09703e8c2be36ff2f56f3a3fa5b1f') in 0.006166 seconds
Number of updated asset objects reloaded before import = 0
Number of asset objects unloaded after import = 3
========================================================================
Received Import Request.
  Time since last request: 38.771375 seconds.
  path: Assets/Tilemap 1/tilemap_0 1.asset
  artifactKey: Guid(ba1402de4cdfa25488473ba2f7e3671f) Importer(815301076,1909f56bfc062723c751e8b465ee728b)
Start importing Assets/Tilemap 1/tilemap_0 1.asset using Guid(ba1402de4cdfa25488473ba2f7e3671f) Importer(815301076,1909f56bfc062723c751e8b465ee728b)  -> (artifact id: '8c4aeedd07bb541a2c807de0523af661') in 0.010814 seconds
Number of updated asset objects reloaded before import = 0
Number of asset objects unloaded after import = 3
========================================================================
Received Import Request.
  Time since last request: 0.000037 seconds.
  path: Assets/Tilemap 1/tilemap_2 1.asset
  artifactKey: Guid(727329b9814eef04f9b4928783347396) Importer(815301076,1909f56bfc062723c751e8b465ee728b)
Start importing Assets/Tilemap 1/tilemap_2 1.asset using Guid(727329b9814eef04f9b4928783347396) Importer(815301076,1909f56bfc062723c751e8b465ee728b)  -> (artifact id: 'bc5a139e8c83c0af9b0e6afa2e174bc8') in 0.009025 seconds
Number of updated asset objects reloaded before import = 0
Number of asset objects unloaded after import = 3
========================================================================
Received Import Request.
  Time since last request: 0.000019 seconds.
  path: Assets/Tilemap 1/tilemap_5 1.asset
  artifactKey: Guid(e962526ad6dc7174d81e7681724d4900) Importer(815301076,1909f56bfc062723c751e8b465ee728b)
Start importing Assets/Tilemap 1/tilemap_5 1.asset using Guid(e962526ad6dc7174d81e7681724d4900) Importer(815301076,1909f56bfc062723c751e8b465ee728b)  -> (artifact id: '2d133d1c05b010346aaa51a5c881f804') in 0.007663 seconds
Number of updated asset objects reloaded before import = 0
Number of asset objects unloaded after import = 3
========================================================================
Received Import Request.
  Time since last request: 0.000029 seconds.
  path: Assets/Tilemap 1/tilemap_6 1.asset
  artifactKey: Guid(63a0d0bc6acbfd340a6091616da7f584) Importer(815301076,1909f56bfc062723c751e8b465ee728b)
Start importing Assets/Tilemap 1/tilemap_6 1.asset using Guid(63a0d0bc6acbfd340a6091616da7f584) Importer(815301076,1909f56bfc062723c751e8b465ee728b)  -> (artifact id: '8680efc0a095c97349f31a20285d410a') in 0.007575 seconds
Number of updated asset objects reloaded before import = 0
Number of asset objects unloaded after import = 3
TcpMessagingSession - receive error
AssetImportWorkerClient::OnTransportError - code=10054 error=Foi forado o cancelamento de uma conexo existente pelo host remoto.
