Using pre-set license
Built from '2022.3/staging' branch; Version is '2022.3.13f1 (5f90a5ebde0f) revision 6262949'; Using compiler version '192829333'; Build Type 'Release'
OS: 'Windows 11  (10.0.26100) 64bit Professional' Language: 'pt' Physical Memory: 15622 MB
BatchMode: 1, IsHumanControllingUs: 0, StartBugReporterOnCrash: 0, Is64bit: 1, IsPro: 1

COMMAND LINE ARGUMENTS:
C:\Program Files\Unity\Hub\Editor\2022.3.13f1\Editor\Unity.exe
-adb2
-batchMode
-noUpm
-name
AssetImportWorker1
-projectPath
C:/Users/ana.chaves3/Documents/GitHub/Tarefa-2D---GitHub/Jogo 2D - Tarefa
-logFile
Logs/AssetImportWorker1.log
-srvPort
52153
Successfully changed project path to: C:/Users/ana.chaves3/Documents/GitHub/Tarefa-2D---GitHub/Jogo 2D - Tarefa
C:/Users/ana.chaves3/Documents/GitHub/Tarefa-2D---GitHub/Jogo 2D - Tarefa
[UnityMemory] Configuration Parameters - Can be set up in boot.config
    "memorysetup-bucket-allocator-granularity=16"
    "memorysetup-bucket-allocator-bucket-count=8"
    "memorysetup-bucket-allocator-block-size=33554432"
    "memorysetup-bucket-allocator-block-count=8"
    "memorysetup-main-allocator-block-size=16777216"
    "memorysetup-thread-allocator-block-size=16777216"
    "memorysetup-gfx-main-allocator-block-size=16777216"
    "memorysetup-gfx-thread-allocator-block-size=16777216"
    "memorysetup-cache-allocator-block-size=4194304"
    "memorysetup-typetree-allocator-block-size=2097152"
    "memorysetup-profiler-bucket-allocator-granularity=16"
    "memorysetup-profiler-bucket-allocator-bucket-count=8"
    "memorysetup-profiler-bucket-allocator-block-size=33554432"
    "memorysetup-profiler-bucket-allocator-block-count=8"
    "memorysetup-profiler-allocator-block-size=16777216"
    "memorysetup-profiler-editor-allocator-block-size=1048576"
    "memorysetup-temp-allocator-size-main=16777216"
    "memorysetup-job-temp-allocator-block-size=2097152"
    "memorysetup-job-temp-allocator-block-size-background=1048576"
    "memorysetup-job-temp-allocator-reduction-small-platforms=262144"
    "memorysetup-allocator-temp-initial-block-size-main=262144"
    "memorysetup-allocator-temp-initial-block-size-worker=262144"
    "memorysetup-temp-allocator-size-background-worker=32768"
    "memorysetup-temp-allocator-size-job-worker=262144"
    "memorysetup-temp-allocator-size-preload-manager=33554432"
    "memorysetup-temp-allocator-size-nav-mesh-worker=65536"
    "memorysetup-temp-allocator-size-audio-worker=65536"
    "memorysetup-temp-allocator-size-cloud-worker=32768"
    "memorysetup-temp-allocator-size-gi-baking-worker=262144"
    "memorysetup-temp-allocator-size-gfx=262144"
Player connection [16996] Host "[IP] 10.10.29.157 [Port] 0 [Flags] 2 [Guid] 2705058533 [EditorId] 2705058533 [Version] 1048832 [Id] WindowsEditor(7,BUE106D0007) [Debug] 1 [PackageName] WindowsEditor [ProjectName] Editor" joined multi-casting on [225.0.0.222:54997]...

Player connection [16996] Host "[IP] 10.10.29.157 [Port] 0 [Flags] 2 [Guid] 2705058533 [EditorId] 2705058533 [Version] 1048832 [Id] WindowsEditor(7,BUE106D0007) [Debug] 1 [PackageName] WindowsEditor [ProjectName] Editor" joined alternative multi-casting on [225.0.0.222:34997]...

[Physics::Module] Initialized MultithreadedJobDispatcher with 11 workers.
Refreshing native plugins compatible for Editor in 8.02 ms, found 4 plugins.
Preloading 0 native plugins for Editor in 0.00 ms.
Initialize engine version: 2022.3.13f1 (5f90a5ebde0f)
[Subsystems] Discovering subsystems at path C:/Program Files/Unity/Hub/Editor/2022.3.13f1/Editor/Data/Resources/UnitySubsystems
[Subsystems] Discovering subsystems at path C:/Users/ana.chaves3/Documents/GitHub/Tarefa-2D---GitHub/Jogo 2D - Tarefa/Assets
GfxDevice: creating device client; threaded=0; jobified=0
Direct3D:
    Version:  Direct3D 11.0 [level 11.1]
    Renderer: Intel(R) UHD Graphics 770 (ID=0x4690)
    Vendor:   Intel
    VRAM:     7811 MB
    Driver:   30.0.101.1002
Initialize mono
Mono path[0] = 'C:/Program Files/Unity/Hub/Editor/2022.3.13f1/Editor/Data/Managed'
Mono path[1] = 'C:/Program Files/Unity/Hub/Editor/2022.3.13f1/Editor/Data/MonoBleedingEdge/lib/mono/unityjit-win32'
Mono config path = 'C:/Program Files/Unity/Hub/Editor/2022.3.13f1/Editor/Data/MonoBleedingEdge/etc'
Using monoOptions --debugger-agent=transport=dt_socket,embedding=1,server=y,suspend=n,address=127.0.0.1:56728
Begin MonoManager ReloadAssembly
Registering precompiled unity dll's ...
Register platform support module: C:/Program Files/Unity/Hub/Editor/2022.3.13f1/Editor/Data/PlaybackEngines/WebGLSupport/UnityEditor.WebGL.Extensions.dll
Register platform support module: C:/Program Files/Unity/Hub/Editor/2022.3.13f1/Editor/Data/PlaybackEngines/WindowsStandaloneSupport/UnityEditor.WindowsStandalone.Extensions.dll
Register platform support module: C:/Program Files/Unity/Hub/Editor/2022.3.13f1/Editor/Data/PlaybackEngines/MetroSupport/UnityEditor.UWP.Extensions.dll
Registered in 0.006984 seconds.
- Loaded All Assemblies, in  0.413 seconds
Native extension for UWP target not found
Native extension for WindowsStandalone target not found
Native extension for WebGL target not found
Mono: successfully reloaded assembly
- Finished resetting the current domain, in  0.307 seconds
Domain Reload Profiling: 719ms
	BeginReloadAssembly (132ms)
		ExecutionOrderSort (0ms)
		DisableScriptedObjects (0ms)
		BackupInstance (0ms)
		ReleaseScriptingObjects (0ms)
		CreateAndSetChildDomain (1ms)
	RebuildCommonClasses (41ms)
	RebuildNativeTypeToScriptingClass (12ms)
	initialDomainReloadingComplete (65ms)
	LoadAllAssembliesAndSetupDomain (162ms)
		LoadAssemblies (131ms)
		RebuildTransferFunctionScriptingTraits (0ms)
		AnalyzeDomain (159ms)
			TypeCache.Refresh (157ms)
				TypeCache.ScanAssembly (140ms)
			ScanForSourceGeneratedMonoScriptInfo (0ms)
			ResolveRequiredComponents (1ms)
	FinalizeReload (308ms)
		ReleaseScriptCaches (0ms)
		RebuildScriptCaches (0ms)
		SetupLoadedEditorAssemblies (232ms)
			LogAssemblyErrors (0ms)
			InitializePlatformSupportModulesInManaged (13ms)
			SetLoadedEditorAssemblies (7ms)
			RefreshPlugins (0ms)
			BeforeProcessingInitializeOnLoad (3ms)
			ProcessInitializeOnLoadAttributes (152ms)
			ProcessInitializeOnLoadMethodAttributes (56ms)
			AfterProcessingInitializeOnLoad (0ms)
			EditorAssembliesLoaded (0ms)
		ExecutionOrderSort2 (0ms)
		AwakeInstancesAfterBackupRestoration (0ms)
========================================================================
Worker process is ready to serve import requests
Begin MonoManager ReloadAssembly
- Loaded All Assemblies, in  0.881 seconds
Refreshing native plugins compatible for Editor in 5.48 ms, found 4 plugins.
Native extension for UWP target not found
Native extension for WindowsStandalone target not found
Native extension for WebGL target not found
Mono: successfully reloaded assembly
- Finished resetting the current domain, in  0.770 seconds
Domain Reload Profiling: 1648ms
	BeginReloadAssembly (183ms)
		ExecutionOrderSort (0ms)
		DisableScriptedObjects (6ms)
		BackupInstance (0ms)
		ReleaseScriptingObjects (0ms)
		CreateAndSetChildDomain (29ms)
	RebuildCommonClasses (47ms)
	RebuildNativeTypeToScriptingClass (13ms)
	initialDomainReloadingComplete (63ms)
	LoadAllAssembliesAndSetupDomain (572ms)
		LoadAssemblies (435ms)
		RebuildTransferFunctionScriptingTraits (0ms)
		AnalyzeDomain (248ms)
			TypeCache.Refresh (210ms)
				TypeCache.ScanAssembly (187ms)
			ScanForSourceGeneratedMonoScriptInfo (32ms)
			ResolveRequiredComponents (4ms)
	FinalizeReload (771ms)
		ReleaseScriptCaches (0ms)
		RebuildScriptCaches (0ms)
		SetupLoadedEditorAssemblies (536ms)
			LogAssemblyErrors (0ms)
			InitializePlatformSupportModulesInManaged (12ms)
			SetLoadedEditorAssemblies (7ms)
			RefreshPlugins (0ms)
			BeforeProcessingInitializeOnLoad (96ms)
			ProcessInitializeOnLoadAttributes (369ms)
			ProcessInitializeOnLoadMethodAttributes (47ms)
			AfterProcessingInitializeOnLoad (5ms)
			EditorAssembliesLoaded (0ms)
		ExecutionOrderSort2 (0ms)
		AwakeInstancesAfterBackupRestoration (6ms)
Launched and connected shader compiler UnityShaderCompiler.exe after 0.05 seconds
Refreshing native plugins compatible for Editor in 4.28 ms, found 4 plugins.
Preloading 0 native plugins for Editor in 0.00 ms.
Unloading 4057 Unused Serialized files (Serialized files now loaded: 0)
Unloading 68 unused Assets / (244.4 KB). Loaded Objects now: 4512.
Memory consumption went from 144.7 MB to 144.5 MB.
Total: 3.922600 ms (FindLiveObjects: 0.362900 ms CreateObjectMapping: 0.140000 ms MarkObjects: 3.144500 ms  DeleteObjects: 0.273300 ms)

AssetImportParameters requested are different than current active one (requested -> active):
  custom:container-demuxer-ogg: 62fdf1f143b41e24485cea50d1cbac27 -> 
  custom:video-codec-MediaFoundation-h265: 746d11721c4dcdbdad8f713fa42b33f4 -> 
  custom:video-decoder-ogg-theora: a1e56fd34408186e4bbccfd4996cb3dc -> 
  custom:framework-win-MediaFoundation: 216162199b28c13a410421893ffa2e32 -> 
  custom:CustomObjectIndexerAttribute: 756ad292c208cfabdd7b50bc23989ffe -> 
  custom:container-demuxer-webm: 4f35f7cbe854078d1ac9338744f61a02 -> 
  custom:container-muxer-webm: aa71ff27fc2769a1b78a27578f13a17b -> 
  custom:video-decoder-webm-vp8: 9c59270c3fd7afecdb556c50c9e8de78 -> 
  custom:SearchIndexIgnoredProperties: e643bd26f0fe6173181afceb89e7c659 -> 
  custom:AudioImporter_EditorPlatform: d09bf68614088b80899f8185d706f6e7 -> 
  custom:video-encoder-webm-vp8: eb34c28f22e8b96e1ab97ce403110664 -> 
  custom:audio-decoder-ogg-vorbis: bf7c407c2cedff20999df2af8eb42d56 -> 
  custom:audio-encoder-webm-vorbis: bf7c407c2cedff20999df2af8eb42d56 -> 
========================================================================
Received Import Request.
  Time since last request: 1311814.865397 seconds.
  path: Assets/Female/female_tilesheet.png
  artifactKey: Guid(b6525dbdcc5622d4faa8d8f3ff823ad1) Importer(815301076,1909f56bfc062723c751e8b465ee728b)
Start importing Assets/Female/female_tilesheet.png using Guid(b6525dbdcc5622d4faa8d8f3ff823ad1) Importer(815301076,1909f56bfc062723c751e8b465ee728b)  -> (artifact id: '2be2b8dfbbe916349f1d9b2419373c0e') in 0.085236 seconds
Number of updated asset objects reloaded before import = 0
Number of asset objects unloaded after import = 3
========================================================================
Received Import Request.
  Time since last request: 175.877344 seconds.
  path: Assets/Female/Poses/female_action2.png
  artifactKey: Guid(0085adb65da910b429957009917df4a8) Importer(815301076,1909f56bfc062723c751e8b465ee728b)
Start importing Assets/Female/Poses/female_action2.png using Guid(0085adb65da910b429957009917df4a8) Importer(815301076,1909f56bfc062723c751e8b465ee728b)  -> (artifact id: 'ad1dc7d8630b644fb3999fca1316a08c') in 0.036740 seconds
Number of updated asset objects reloaded before import = 0
Number of asset objects unloaded after import = 3
========================================================================
Received Import Request.
  Time since last request: 0.000021 seconds.
  path: Assets/Female/Poses/female_fall.png
  artifactKey: Guid(da8a99f9158d9b343a1e1587a4c983fb) Importer(815301076,1909f56bfc062723c751e8b465ee728b)
Start importing Assets/Female/Poses/female_fall.png using Guid(da8a99f9158d9b343a1e1587a4c983fb) Importer(815301076,1909f56bfc062723c751e8b465ee728b)  -> (artifact id: '61d296374a708bf5ca00ea716f602ddc') in 0.026965 seconds
Number of updated asset objects reloaded before import = 0
Number of asset objects unloaded after import = 3
========================================================================
Received Import Request.
  Time since last request: 0.000023 seconds.
  path: Assets/Female/Poses/female_duck.png
  artifactKey: Guid(5b5ed49466bd06b429e66d1f7ed3fd8b) Importer(815301076,1909f56bfc062723c751e8b465ee728b)
Start importing Assets/Female/Poses/female_duck.png using Guid(5b5ed49466bd06b429e66d1f7ed3fd8b) Importer(815301076,1909f56bfc062723c751e8b465ee728b)  -> (artifact id: '8fbfae6b4eeeb970a3bfae6d86248f03') in 0.027329 seconds
Number of updated asset objects reloaded before import = 0
Number of asset objects unloaded after import = 3
========================================================================
Received Import Request.
  Time since last request: 0.000021 seconds.
  path: Assets/Female/Poses/female_hurt.png
  artifactKey: Guid(1199f3f8004b51d49bb4beb150fb3a46) Importer(815301076,1909f56bfc062723c751e8b465ee728b)
Start importing Assets/Female/Poses/female_hurt.png using Guid(1199f3f8004b51d49bb4beb150fb3a46) Importer(815301076,1909f56bfc062723c751e8b465ee728b)  -> (artifact id: 'e70606cc055ac1e479845285a042d21e') in 0.027546 seconds
Number of updated asset objects reloaded before import = 0
Number of asset objects unloaded after import = 3
========================================================================
Received Import Request.
  Time since last request: 0.000031 seconds.
  path: Assets/Female/Poses/female_jump.png
  artifactKey: Guid(5020bc8fa87d0d54f80426e9f0bad0ad) Importer(815301076,1909f56bfc062723c751e8b465ee728b)
Start importing Assets/Female/Poses/female_jump.png using Guid(5020bc8fa87d0d54f80426e9f0bad0ad) Importer(815301076,1909f56bfc062723c751e8b465ee728b)  -> (artifact id: 'dc331f675cf65f551dd47cbf0e25f0d4') in 0.023955 seconds
Number of updated asset objects reloaded before import = 0
Number of asset objects unloaded after import = 3
========================================================================
Received Import Request.
  Time since last request: 0.000024 seconds.
  path: Assets/Female/Poses/female_back.png
  artifactKey: Guid(ce7c6ce6fab290549911f36b3aea78a0) Importer(815301076,1909f56bfc062723c751e8b465ee728b)
Start importing Assets/Female/Poses/female_back.png using Guid(ce7c6ce6fab290549911f36b3aea78a0) Importer(815301076,1909f56bfc062723c751e8b465ee728b)  -> (artifact id: 'e6f78277127105125ed32a03e58db48f') in 0.027939 seconds
Number of updated asset objects reloaded before import = 0
Number of asset objects unloaded after import = 3
========================================================================
Received Import Request.
  Time since last request: 0.000023 seconds.
  path: Assets/Female/Poses/female_kick.png
  artifactKey: Guid(944c5bd84f359a14da49a23f082c473f) Importer(815301076,1909f56bfc062723c751e8b465ee728b)
Start importing Assets/Female/Poses/female_kick.png using Guid(944c5bd84f359a14da49a23f082c473f) Importer(815301076,1909f56bfc062723c751e8b465ee728b)  -> (artifact id: '4f2c29419db7f8af457a80127fc45f09') in 0.026099 seconds
Number of updated asset objects reloaded before import = 0
Number of asset objects unloaded after import = 3
========================================================================
Received Import Request.
  Time since last request: 0.000027 seconds.
  path: Assets/Female/Poses/female_slide.png
  artifactKey: Guid(9125ceb600f7e4947bb52d633193f464) Importer(815301076,1909f56bfc062723c751e8b465ee728b)
Start importing Assets/Female/Poses/female_slide.png using Guid(9125ceb600f7e4947bb52d633193f464) Importer(815301076,1909f56bfc062723c751e8b465ee728b)  -> (artifact id: '77b1253fef708d72f25a363f858c473c') in 0.027444 seconds
Number of updated asset objects reloaded before import = 0
Number of asset objects unloaded after import = 3
========================================================================
Received Import Request.
  Time since last request: 0.000028 seconds.
  path: Assets/Female/Poses/female_skid.png
  artifactKey: Guid(8df96a0273194d8468b1af5f1a81dea3) Importer(815301076,1909f56bfc062723c751e8b465ee728b)
Start importing Assets/Female/Poses/female_skid.png using Guid(8df96a0273194d8468b1af5f1a81dea3) Importer(815301076,1909f56bfc062723c751e8b465ee728b)  -> (artifact id: '0c23685c4cb92084aae6b10405f6ccbd') in 0.025957 seconds
Number of updated asset objects reloaded before import = 0
Number of asset objects unloaded after import = 3
========================================================================
Received Import Request.
  Time since last request: 0.000086 seconds.
  path: Assets/Female/Poses/female_climb2.png
  artifactKey: Guid(19209ac82ebcc834f9a7974c74d4cfca) Importer(815301076,1909f56bfc062723c751e8b465ee728b)
Start importing Assets/Female/Poses/female_climb2.png using Guid(19209ac82ebcc834f9a7974c74d4cfca) Importer(815301076,1909f56bfc062723c751e8b465ee728b)  -> (artifact id: '5c0813d730bccf66f31d4150f446833d') in 0.025681 seconds
Number of updated asset objects reloaded before import = 0
Number of asset objects unloaded after import = 3
========================================================================
Received Import Request.
  Time since last request: 0.000025 seconds.
  path: Assets/Female/Poses/female_cheer2.png
  artifactKey: Guid(668ffe78843243b4d839f21bce4c9c58) Importer(815301076,1909f56bfc062723c751e8b465ee728b)
Start importing Assets/Female/Poses/female_cheer2.png using Guid(668ffe78843243b4d839f21bce4c9c58) Importer(815301076,1909f56bfc062723c751e8b465ee728b)  -> (artifact id: '02fbfe73e176dcacc7ceb5fa87dc7788') in 0.025672 seconds
Number of updated asset objects reloaded before import = 0
Number of asset objects unloaded after import = 3
========================================================================
Received Import Request.
  Time since last request: 0.000033 seconds.
  path: Assets/Female/Poses/female_walk1.png
  artifactKey: Guid(027812ad0193b344294752613d394873) Importer(815301076,1909f56bfc062723c751e8b465ee728b)
Start importing Assets/Female/Poses/female_walk1.png using Guid(027812ad0193b344294752613d394873) Importer(815301076,1909f56bfc062723c751e8b465ee728b)  -> (artifact id: 'a40805ac00a837b03534e043dfc48ba2') in 0.025243 seconds
Number of updated asset objects reloaded before import = 0
Number of asset objects unloaded after import = 3
Editor requested this worker to shutdown with reason: Scaling down because of idle timeout
TcpMessagingSession - receive error: operation aborted. errorcode: 995, details: A operação de E/S foi anulada devido a uma saída de thread ou a uma requisição de aplicativo.
AssetImportWorker is now disconnected from the server
Process exiting
Exiting without the bug reporter. Application will terminate with return code 0