Using pre-set license
Built from '2022.3/staging' branch; Version is '2022.3.13f1 (5f90a5ebde0f) revision 6262949'; Using compiler version '192829333'; Build Type 'Release'
OS: 'Windows 11  (10.0.26100) 64bit Professional' Language: 'pt' Physical Memory: 15622 MB
BatchMode: 1, IsHumanControllingUs: 0, StartBugReporterOnCrash: 0, Is64bit: 1, IsPro: 1

COMMAND LINE ARGUMENTS:
C:\Program Files\Unity\Hub\Editor\2022.3.13f1\Editor\Unity.exe
-adb2
-batchMode
-noUpm
-name
AssetImportWorker3
-projectPath
C:/Users/ana.chaves3/Documents/GitHub/Tarefa-2D---GitHub/Jogo 2D - Tarefa
-logFile
Logs/AssetImportWorker3.log
-srvPort
51340
Successfully changed project path to: C:/Users/ana.chaves3/Documents/GitHub/Tarefa-2D---GitHub/Jogo 2D - Tarefa
C:/Users/ana.chaves3/Documents/GitHub/Tarefa-2D---GitHub/Jogo 2D - Tarefa
[UnityMemory] Configuration Parameters - Can be set up in boot.config
    "memorysetup-bucket-allocator-granularity=16"
    "memorysetup-bucket-allocator-bucket-count=8"
    "memorysetup-bucket-allocator-block-size=33554432"
    "memorysetup-bucket-allocator-block-count=8"
    "memorysetup-main-allocator-block-size=16777216"
    "memorysetup-thread-allocator-block-size=16777216"
    "memorysetup-gfx-main-allocator-block-size=16777216"
    "memorysetup-gfx-thread-allocator-block-size=16777216"
    "memorysetup-cache-allocator-block-size=4194304"
    "memorysetup-typetree-allocator-block-size=2097152"
    "memorysetup-profiler-bucket-allocator-granularity=16"
    "memorysetup-profiler-bucket-allocator-bucket-count=8"
    "memorysetup-profiler-bucket-allocator-block-size=33554432"
    "memorysetup-profiler-bucket-allocator-block-count=8"
    "memorysetup-profiler-allocator-block-size=16777216"
    "memorysetup-profiler-editor-allocator-block-size=1048576"
    "memorysetup-temp-allocator-size-main=16777216"
    "memorysetup-job-temp-allocator-block-size=2097152"
    "memorysetup-job-temp-allocator-block-size-background=1048576"
    "memorysetup-job-temp-allocator-reduction-small-platforms=262144"
    "memorysetup-allocator-temp-initial-block-size-main=262144"
    "memorysetup-allocator-temp-initial-block-size-worker=262144"
    "memorysetup-temp-allocator-size-background-worker=32768"
    "memorysetup-temp-allocator-size-job-worker=262144"
    "memorysetup-temp-allocator-size-preload-manager=33554432"
    "memorysetup-temp-allocator-size-nav-mesh-worker=65536"
    "memorysetup-temp-allocator-size-audio-worker=65536"
    "memorysetup-temp-allocator-size-cloud-worker=32768"
    "memorysetup-temp-allocator-size-gi-baking-worker=262144"
    "memorysetup-temp-allocator-size-gfx=262144"
Player connection [27384] Host "[IP] 10.10.29.157 [Port] 0 [Flags] 2 [Guid] 2817735056 [EditorId] 2817735056 [Version] 1048832 [Id] WindowsEditor(7,BUE106D0007) [Debug] 1 [PackageName] WindowsEditor [ProjectName] Editor" joined multi-casting on [225.0.0.222:54997]...

Player connection [27384] Host "[IP] 10.10.29.157 [Port] 0 [Flags] 2 [Guid] 2817735056 [EditorId] 2817735056 [Version] 1048832 [Id] WindowsEditor(7,BUE106D0007) [Debug] 1 [PackageName] WindowsEditor [ProjectName] Editor" joined alternative multi-casting on [225.0.0.222:34997]...

[Physics::Module] Initialized MultithreadedJobDispatcher with 11 workers.
Refreshing native plugins compatible for Editor in 9.55 ms, found 4 plugins.
Preloading 0 native plugins for Editor in 0.00 ms.
Initialize engine version: 2022.3.13f1 (5f90a5ebde0f)
[Subsystems] Discovering subsystems at path C:/Program Files/Unity/Hub/Editor/2022.3.13f1/Editor/Data/Resources/UnitySubsystems
[Subsystems] Discovering subsystems at path C:/Users/ana.chaves3/Documents/GitHub/Tarefa-2D---GitHub/Jogo 2D - Tarefa/Assets
GfxDevice: creating device client; threaded=0; jobified=0
Direct3D:
    Version:  Direct3D 11.0 [level 11.1]
    Renderer: Intel(R) UHD Graphics 770 (ID=0x4690)
    Vendor:   Intel
    VRAM:     7811 MB
    Driver:   30.0.101.1002
Initialize mono
Mono path[0] = 'C:/Program Files/Unity/Hub/Editor/2022.3.13f1/Editor/Data/Managed'
Mono path[1] = 'C:/Program Files/Unity/Hub/Editor/2022.3.13f1/Editor/Data/MonoBleedingEdge/lib/mono/unityjit-win32'
Mono config path = 'C:/Program Files/Unity/Hub/Editor/2022.3.13f1/Editor/Data/MonoBleedingEdge/etc'
Using monoOptions --debugger-agent=transport=dt_socket,embedding=1,server=y,suspend=n,address=127.0.0.1:56388
Begin MonoManager ReloadAssembly
Registering precompiled unity dll's ...
Register platform support module: C:/Program Files/Unity/Hub/Editor/2022.3.13f1/Editor/Data/PlaybackEngines/WebGLSupport/UnityEditor.WebGL.Extensions.dll
Register platform support module: C:/Program Files/Unity/Hub/Editor/2022.3.13f1/Editor/Data/PlaybackEngines/WindowsStandaloneSupport/UnityEditor.WindowsStandalone.Extensions.dll
Register platform support module: C:/Program Files/Unity/Hub/Editor/2022.3.13f1/Editor/Data/PlaybackEngines/MetroSupport/UnityEditor.UWP.Extensions.dll
Registered in 0.009333 seconds.
- Loaded All Assemblies, in  0.424 seconds
Native extension for UWP target not found
Native extension for WindowsStandalone target not found
Native extension for WebGL target not found
Mono: successfully reloaded assembly
- Finished resetting the current domain, in  0.307 seconds
Domain Reload Profiling: 730ms
	BeginReloadAssembly (132ms)
		ExecutionOrderSort (0ms)
		DisableScriptedObjects (0ms)
		BackupInstance (0ms)
		ReleaseScriptingObjects (0ms)
		CreateAndSetChildDomain (1ms)
	RebuildCommonClasses (40ms)
	RebuildNativeTypeToScriptingClass (12ms)
	initialDomainReloadingComplete (68ms)
	LoadAllAssembliesAndSetupDomain (171ms)
		LoadAssemblies (132ms)
		RebuildTransferFunctionScriptingTraits (0ms)
		AnalyzeDomain (168ms)
			TypeCache.Refresh (166ms)
				TypeCache.ScanAssembly (150ms)
			ScanForSourceGeneratedMonoScriptInfo (0ms)
			ResolveRequiredComponents (1ms)
	FinalizeReload (308ms)
		ReleaseScriptCaches (0ms)
		RebuildScriptCaches (0ms)
		SetupLoadedEditorAssemblies (239ms)
			LogAssemblyErrors (0ms)
			InitializePlatformSupportModulesInManaged (12ms)
			SetLoadedEditorAssemblies (8ms)
			RefreshPlugins (0ms)
			BeforeProcessingInitializeOnLoad (4ms)
			ProcessInitializeOnLoadAttributes (156ms)
			ProcessInitializeOnLoadMethodAttributes (59ms)
			AfterProcessingInitializeOnLoad (0ms)
			EditorAssembliesLoaded (0ms)
		ExecutionOrderSort2 (0ms)
		AwakeInstancesAfterBackupRestoration (0ms)
========================================================================
Worker process is ready to serve import requests
Begin MonoManager ReloadAssembly
- Loaded All Assemblies, in  0.778 seconds
Refreshing native plugins compatible for Editor in 4.39 ms, found 4 plugins.
Native extension for UWP target not found
Native extension for WindowsStandalone target not found
Native extension for WebGL target not found
Mono: successfully reloaded assembly
- Finished resetting the current domain, in  0.702 seconds
Domain Reload Profiling: 1478ms
	BeginReloadAssembly (175ms)
		ExecutionOrderSort (0ms)
		DisableScriptedObjects (5ms)
		BackupInstance (0ms)
		ReleaseScriptingObjects (0ms)
		CreateAndSetChildDomain (25ms)
	RebuildCommonClasses (39ms)
	RebuildNativeTypeToScriptingClass (11ms)
	initialDomainReloadingComplete (50ms)
	LoadAllAssembliesAndSetupDomain (501ms)
		LoadAssemblies (404ms)
		RebuildTransferFunctionScriptingTraits (0ms)
		AnalyzeDomain (205ms)
			TypeCache.Refresh (173ms)
				TypeCache.ScanAssembly (156ms)
			ScanForSourceGeneratedMonoScriptInfo (26ms)
			ResolveRequiredComponents (4ms)
	FinalizeReload (702ms)
		ReleaseScriptCaches (0ms)
		RebuildScriptCaches (0ms)
		SetupLoadedEditorAssemblies (513ms)
			LogAssemblyErrors (0ms)
			InitializePlatformSupportModulesInManaged (11ms)
			SetLoadedEditorAssemblies (5ms)
			RefreshPlugins (0ms)
			BeforeProcessingInitializeOnLoad (79ms)
			ProcessInitializeOnLoadAttributes (369ms)
			ProcessInitializeOnLoadMethodAttributes (43ms)
			AfterProcessingInitializeOnLoad (6ms)
			EditorAssembliesLoaded (0ms)
		ExecutionOrderSort2 (0ms)
		AwakeInstancesAfterBackupRestoration (7ms)
Launched and connected shader compiler UnityShaderCompiler.exe after 0.04 seconds
Refreshing native plugins compatible for Editor in 4.96 ms, found 4 plugins.
Preloading 0 native plugins for Editor in 0.00 ms.
Unloading 4057 Unused Serialized files (Serialized files now loaded: 0)
Unloading 68 unused Assets / (244.6 KB). Loaded Objects now: 4512.
Memory consumption went from 144.8 MB to 144.6 MB.
Total: 3.857400 ms (FindLiveObjects: 0.326400 ms CreateObjectMapping: 0.125800 ms MarkObjects: 3.039600 ms  DeleteObjects: 0.363500 ms)

AssetImportParameters requested are different than current active one (requested -> active):
  custom:container-demuxer-ogg: 62fdf1f143b41e24485cea50d1cbac27 -> 
  custom:video-codec-MediaFoundation-h265: 746d11721c4dcdbdad8f713fa42b33f4 -> 
  custom:video-decoder-ogg-theora: a1e56fd34408186e4bbccfd4996cb3dc -> 
  custom:framework-win-MediaFoundation: 216162199b28c13a410421893ffa2e32 -> 
  custom:CustomObjectIndexerAttribute: 756ad292c208cfabdd7b50bc23989ffe -> 
  custom:container-demuxer-webm: 4f35f7cbe854078d1ac9338744f61a02 -> 
  custom:container-muxer-webm: aa71ff27fc2769a1b78a27578f13a17b -> 
  custom:video-decoder-webm-vp8: 9c59270c3fd7afecdb556c50c9e8de78 -> 
  custom:SearchIndexIgnoredProperties: e643bd26f0fe6173181afceb89e7c659 -> 
  custom:AudioImporter_EditorPlatform: d09bf68614088b80899f8185d706f6e7 -> 
  custom:video-encoder-webm-vp8: eb34c28f22e8b96e1ab97ce403110664 -> 
  custom:audio-decoder-ogg-vorbis: bf7c407c2cedff20999df2af8eb42d56 -> 
  custom:audio-encoder-webm-vorbis: bf7c407c2cedff20999df2af8eb42d56 -> 
========================================================================
Received Import Request.
  Time since last request: 1309832.717417 seconds.
  path: Assets/Tilemap 1/tilemap_49.asset
  artifactKey: Guid(30f360611f5c3db4b82f7501380877e5) Importer(815301076,1909f56bfc062723c751e8b465ee728b)
Start importing Assets/Tilemap 1/tilemap_49.asset using Guid(30f360611f5c3db4b82f7501380877e5) Importer(815301076,1909f56bfc062723c751e8b465ee728b)  -> (artifact id: '1cdb6f0231b4d34d1588df78c5e10ba1') in 0.088907 seconds
Number of updated asset objects reloaded before import = 0
Number of asset objects unloaded after import = 3
========================================================================
Received Import Request.
  Time since last request: 0.000040 seconds.
  path: Assets/Tilemap 1/tilemap_56.asset
  artifactKey: Guid(7304c14a1df4b804b89956c63b133189) Importer(815301076,1909f56bfc062723c751e8b465ee728b)
Start importing Assets/Tilemap 1/tilemap_56.asset using Guid(7304c14a1df4b804b89956c63b133189) Importer(815301076,1909f56bfc062723c751e8b465ee728b)  -> (artifact id: '2309a1eef3adbca12b26c86f29154be0') in 0.018527 seconds
Number of updated asset objects reloaded before import = 0
Number of asset objects unloaded after import = 3
========================================================================
Received Import Request.
  Time since last request: 0.249738 seconds.
  path: Assets/Tilemap 1/tilemap_65.asset
  artifactKey: Guid(c9d127c830bbf77479aebf57657fde52) Importer(815301076,1909f56bfc062723c751e8b465ee728b)
Start importing Assets/Tilemap 1/tilemap_65.asset using Guid(c9d127c830bbf77479aebf57657fde52) Importer(815301076,1909f56bfc062723c751e8b465ee728b)  -> (artifact id: '19594a9c11ebc47c762fed6e33c01fc9') in 0.015963 seconds
Number of updated asset objects reloaded before import = 0
Number of asset objects unloaded after import = 3
========================================================================
Received Import Request.
  Time since last request: 0.000025 seconds.
  path: Assets/Tilemap 1/tilemap_68.asset
  artifactKey: Guid(9e2edc09d1b657e408d49e8191df35aa) Importer(815301076,1909f56bfc062723c751e8b465ee728b)
Start importing Assets/Tilemap 1/tilemap_68.asset using Guid(9e2edc09d1b657e408d49e8191df35aa) Importer(815301076,1909f56bfc062723c751e8b465ee728b)  -> (artifact id: '3004f0797167a5bcbda61dd803c8e50a') in 0.015626 seconds
Number of updated asset objects reloaded before import = 0
Number of asset objects unloaded after import = 3
========================================================================
Received Import Request.
  Time since last request: 0.000031 seconds.
  path: Assets/Tilemap 1/tilemap_77.asset
  artifactKey: Guid(db7ad8cd04e87e74b93d10953fc75a5b) Importer(815301076,1909f56bfc062723c751e8b465ee728b)
Start importing Assets/Tilemap 1/tilemap_77.asset using Guid(db7ad8cd04e87e74b93d10953fc75a5b) Importer(815301076,1909f56bfc062723c751e8b465ee728b)  -> (artifact id: 'bbfe41aa190d653da0462120dc6cd302') in 0.017943 seconds
Number of updated asset objects reloaded before import = 0
Number of asset objects unloaded after import = 3
========================================================================
Received Import Request.
  Time since last request: 0.000021 seconds.
  path: Assets/Tilemap 1/tilemap_75.asset
  artifactKey: Guid(d7c28473cc48e3c4aaef9b9bf91f6b2c) Importer(815301076,1909f56bfc062723c751e8b465ee728b)
Start importing Assets/Tilemap 1/tilemap_75.asset using Guid(d7c28473cc48e3c4aaef9b9bf91f6b2c) Importer(815301076,1909f56bfc062723c751e8b465ee728b)  -> (artifact id: 'f1c7d373c5907d38d2991cae5f48dcb8') in 0.015228 seconds
Number of updated asset objects reloaded before import = 0
Number of asset objects unloaded after import = 3
========================================================================
Received Import Request.
  Time since last request: 0.000024 seconds.
  path: Assets/Tilemap 1/tilemap_66.asset
  artifactKey: Guid(dff8995edd8c1d14a81e4b850d9f4410) Importer(815301076,1909f56bfc062723c751e8b465ee728b)
Start importing Assets/Tilemap 1/tilemap_66.asset using Guid(dff8995edd8c1d14a81e4b850d9f4410) Importer(815301076,1909f56bfc062723c751e8b465ee728b)  -> (artifact id: '87542ebb3db02b82bf922fb6c7f00e81') in 0.015388 seconds
Number of updated asset objects reloaded before import = 0
Number of asset objects unloaded after import = 3
========================================================================
Received Import Request.
  Time since last request: 0.000018 seconds.
  path: Assets/Tilemap 1/tilemap_80.asset
  artifactKey: Guid(0fbab62f3ca8cbf42b088981ef09682c) Importer(815301076,1909f56bfc062723c751e8b465ee728b)
Start importing Assets/Tilemap 1/tilemap_80.asset using Guid(0fbab62f3ca8cbf42b088981ef09682c) Importer(815301076,1909f56bfc062723c751e8b465ee728b)  -> (artifact id: 'e03c8609e30d8977563f2bb710ab45be') in 0.015037 seconds
Number of updated asset objects reloaded before import = 0
Number of asset objects unloaded after import = 3
========================================================================
Received Import Request.
  Time since last request: 0.000029 seconds.
  path: Assets/Tilemap 1/tilemap_81.asset
  artifactKey: Guid(332d6ad44f1a60946b045043ae8bfbca) Importer(815301076,1909f56bfc062723c751e8b465ee728b)
Start importing Assets/Tilemap 1/tilemap_81.asset using Guid(332d6ad44f1a60946b045043ae8bfbca) Importer(815301076,1909f56bfc062723c751e8b465ee728b)  -> (artifact id: '4e0fb83b7a42ae296d07e9017014ff2f') in 0.015483 seconds
Number of updated asset objects reloaded before import = 0
Number of asset objects unloaded after import = 3
========================================================================
Received Import Request.
  Time since last request: 0.000026 seconds.
  path: Assets/Tilemap 1/tilemap_92.asset
  artifactKey: Guid(f70f874f24d4b2a44ae7a7f3606fdb3b) Importer(815301076,1909f56bfc062723c751e8b465ee728b)
Start importing Assets/Tilemap 1/tilemap_92.asset using Guid(f70f874f24d4b2a44ae7a7f3606fdb3b) Importer(815301076,1909f56bfc062723c751e8b465ee728b)  -> (artifact id: '383bc7c13fa978174aa8c51ffc2fed49') in 0.015079 seconds
Number of updated asset objects reloaded before import = 0
Number of asset objects unloaded after import = 3
========================================================================
Received Import Request.
  Time since last request: 0.000025 seconds.
  path: Assets/Tilemap 1/tilemap_87.asset
  artifactKey: Guid(a364b53a95103284a8e2273969d1267f) Importer(815301076,1909f56bfc062723c751e8b465ee728b)
Start importing Assets/Tilemap 1/tilemap_87.asset using Guid(a364b53a95103284a8e2273969d1267f) Importer(815301076,1909f56bfc062723c751e8b465ee728b)  -> (artifact id: '5342da35af2c92a66ce56b0575fe9016') in 0.016068 seconds
Number of updated asset objects reloaded before import = 0
Number of asset objects unloaded after import = 3
========================================================================
Received Import Request.
  Time since last request: 0.000021 seconds.
  path: Assets/Tilemap 1/tilemap_94.asset
  artifactKey: Guid(1ab514460a99a7247a6f996a6047ba88) Importer(815301076,1909f56bfc062723c751e8b465ee728b)
Start importing Assets/Tilemap 1/tilemap_94.asset using Guid(1ab514460a99a7247a6f996a6047ba88) Importer(815301076,1909f56bfc062723c751e8b465ee728b)  -> (artifact id: 'efb5453c0cb0a81154967c92760734e0') in 0.014654 seconds
Number of updated asset objects reloaded before import = 0
Number of asset objects unloaded after import = 3
========================================================================
Received Import Request.
  Time since last request: 0.000046 seconds.
  path: Assets/Tilemap 1/tilemap_91.asset
  artifactKey: Guid(29ffd10721be1584cba6172846c4b609) Importer(815301076,1909f56bfc062723c751e8b465ee728b)
Start importing Assets/Tilemap 1/tilemap_91.asset using Guid(29ffd10721be1584cba6172846c4b609) Importer(815301076,1909f56bfc062723c751e8b465ee728b)  -> (artifact id: '154496ac1c57751ce305a096d5a98ccb') in 0.015229 seconds
Number of updated asset objects reloaded before import = 0
Number of asset objects unloaded after import = 3
========================================================================
Received Import Request.
  Time since last request: 0.525117 seconds.
  path: Assets/Tilemap 1/tilemap_97.asset
  artifactKey: Guid(c90055855efe7e34a87641d63bd7a273) Importer(815301076,1909f56bfc062723c751e8b465ee728b)
Start importing Assets/Tilemap 1/tilemap_97.asset using Guid(c90055855efe7e34a87641d63bd7a273) Importer(815301076,1909f56bfc062723c751e8b465ee728b)  -> (artifact id: '72a8476b482567a18643d337cde2e194') in 0.017514 seconds
Number of updated asset objects reloaded before import = 0
Number of asset objects unloaded after import = 3
========================================================================
Received Import Request.
  Time since last request: 0.000020 seconds.
  path: Assets/Tilemap 1/tilemap_102.asset
  artifactKey: Guid(129f95d66a5b4e545b95a8b5d988f580) Importer(815301076,1909f56bfc062723c751e8b465ee728b)
Start importing Assets/Tilemap 1/tilemap_102.asset using Guid(129f95d66a5b4e545b95a8b5d988f580) Importer(815301076,1909f56bfc062723c751e8b465ee728b)  -> (artifact id: '1520d00646e1c6b21a4dd709e6b25614') in 0.014103 seconds
Number of updated asset objects reloaded before import = 0
Number of asset objects unloaded after import = 3
========================================================================
Received Import Request.
  Time since last request: 0.000105 seconds.
  path: Assets/Tilemap 1/tilemap_105.asset
  artifactKey: Guid(9fc50d418f5f7e44489f0bfb3960ca42) Importer(815301076,1909f56bfc062723c751e8b465ee728b)
Start importing Assets/Tilemap 1/tilemap_105.asset using Guid(9fc50d418f5f7e44489f0bfb3960ca42) Importer(815301076,1909f56bfc062723c751e8b465ee728b)  -> (artifact id: '31e3b2aed06ae9ad0c20f960607adc37') in 0.015332 seconds
Number of updated asset objects reloaded before import = 0
Number of asset objects unloaded after import = 3
========================================================================
Received Import Request.
  Time since last request: 0.000016 seconds.
  path: Assets/Tilemap 1/tilemap_104.asset
  artifactKey: Guid(c0646f02e5b5e234ba22303ea7326fbd) Importer(815301076,1909f56bfc062723c751e8b465ee728b)
Start importing Assets/Tilemap 1/tilemap_104.asset using Guid(c0646f02e5b5e234ba22303ea7326fbd) Importer(815301076,1909f56bfc062723c751e8b465ee728b)  -> (artifact id: '4d61d4343f67b1abffd27e3ebea2d038') in 0.016827 seconds
Number of updated asset objects reloaded before import = 0
Number of asset objects unloaded after import = 3
========================================================================
Received Import Request.
  Time since last request: 0.000033 seconds.
  path: Assets/Tilemap 1/tilemap_106.asset
  artifactKey: Guid(7e15d991448866e4cabf72ca51a3d021) Importer(815301076,1909f56bfc062723c751e8b465ee728b)
Start importing Assets/Tilemap 1/tilemap_106.asset using Guid(7e15d991448866e4cabf72ca51a3d021) Importer(815301076,1909f56bfc062723c751e8b465ee728b)  -> (artifact id: '6496625a19b1339e9c56a0a72b4cb821') in 0.014789 seconds
Number of updated asset objects reloaded before import = 0
Number of asset objects unloaded after import = 3
Editor requested this worker to shutdown with reason: Scaling down because of idle timeout
TcpMessagingSession - receive error
AssetImportWorkerClient::OnTransportError - code=2 error=End of file
AssetImportWorker is now disconnected from the server
Process exiting
Exiting without the bug reporter. Application will terminate with return code 0