Using pre-set license
Built from '2022.3/staging' branch; Version is '2022.3.13f1 (5f90a5ebde0f) revision 6262949'; Using compiler version '192829333'; Build Type 'Release'
OS: 'Windows 11  (10.0.26100) 64bit Professional' Language: 'pt' Physical Memory: 15622 MB
BatchMode: 1, IsHumanControllingUs: 0, StartBugReporterOnCrash: 0, Is64bit: 1, IsPro: 1

COMMAND LINE ARGUMENTS:
C:\Program Files\Unity\Hub\Editor\2022.3.13f1\Editor\Unity.exe
-adb2
-batchMode
-noUpm
-name
AssetImportWorker0
-projectPath
C:/Users/ana.chaves3/Documents/GitHub/Tarefa-2D---GitHub/Jogo 2D - Tarefa
-logFile
Logs/AssetImportWorker0.log
-srvPort
52153
Successfully changed project path to: C:/Users/ana.chaves3/Documents/GitHub/Tarefa-2D---GitHub/Jogo 2D - Tarefa
C:/Users/ana.chaves3/Documents/GitHub/Tarefa-2D---GitHub/Jogo 2D - Tarefa
[UnityMemory] Configuration Parameters - Can be set up in boot.config
    "memorysetup-bucket-allocator-granularity=16"
    "memorysetup-bucket-allocator-bucket-count=8"
    "memorysetup-bucket-allocator-block-size=33554432"
    "memorysetup-bucket-allocator-block-count=8"
    "memorysetup-main-allocator-block-size=16777216"
    "memorysetup-thread-allocator-block-size=16777216"
    "memorysetup-gfx-main-allocator-block-size=16777216"
    "memorysetup-gfx-thread-allocator-block-size=16777216"
    "memorysetup-cache-allocator-block-size=4194304"
    "memorysetup-typetree-allocator-block-size=2097152"
    "memorysetup-profiler-bucket-allocator-granularity=16"
    "memorysetup-profiler-bucket-allocator-bucket-count=8"
    "memorysetup-profiler-bucket-allocator-block-size=33554432"
    "memorysetup-profiler-bucket-allocator-block-count=8"
    "memorysetup-profiler-allocator-block-size=16777216"
    "memorysetup-profiler-editor-allocator-block-size=1048576"
    "memorysetup-temp-allocator-size-main=16777216"
    "memorysetup-job-temp-allocator-block-size=2097152"
    "memorysetup-job-temp-allocator-block-size-background=1048576"
    "memorysetup-job-temp-allocator-reduction-small-platforms=262144"
    "memorysetup-allocator-temp-initial-block-size-main=262144"
    "memorysetup-allocator-temp-initial-block-size-worker=262144"
    "memorysetup-temp-allocator-size-background-worker=32768"
    "memorysetup-temp-allocator-size-job-worker=262144"
    "memorysetup-temp-allocator-size-preload-manager=33554432"
    "memorysetup-temp-allocator-size-nav-mesh-worker=65536"
    "memorysetup-temp-allocator-size-audio-worker=65536"
    "memorysetup-temp-allocator-size-cloud-worker=32768"
    "memorysetup-temp-allocator-size-gi-baking-worker=262144"
    "memorysetup-temp-allocator-size-gfx=262144"
Player connection [13644] Host "[IP] 10.10.29.157 [Port] 0 [Flags] 2 [Guid] 3068422448 [EditorId] 3068422448 [Version] 1048832 [Id] WindowsEditor(7,BUE106D0007) [Debug] 1 [PackageName] WindowsEditor [ProjectName] Editor" joined multi-casting on [225.0.0.222:54997]...

Player connection [13644] Host "[IP] 10.10.29.157 [Port] 0 [Flags] 2 [Guid] 3068422448 [EditorId] 3068422448 [Version] 1048832 [Id] WindowsEditor(7,BUE106D0007) [Debug] 1 [PackageName] WindowsEditor [ProjectName] Editor" joined alternative multi-casting on [225.0.0.222:34997]...

[Physics::Module] Initialized MultithreadedJobDispatcher with 11 workers.
Refreshing native plugins compatible for Editor in 11.03 ms, found 4 plugins.
Preloading 0 native plugins for Editor in 0.00 ms.
Initialize engine version: 2022.3.13f1 (5f90a5ebde0f)
[Subsystems] Discovering subsystems at path C:/Program Files/Unity/Hub/Editor/2022.3.13f1/Editor/Data/Resources/UnitySubsystems
[Subsystems] Discovering subsystems at path C:/Users/ana.chaves3/Documents/GitHub/Tarefa-2D---GitHub/Jogo 2D - Tarefa/Assets
GfxDevice: creating device client; threaded=0; jobified=0
Direct3D:
    Version:  Direct3D 11.0 [level 11.1]
    Renderer: Intel(R) UHD Graphics 770 (ID=0x4690)
    Vendor:   Intel
    VRAM:     7811 MB
    Driver:   30.0.101.1002
Initialize mono
Mono path[0] = 'C:/Program Files/Unity/Hub/Editor/2022.3.13f1/Editor/Data/Managed'
Mono path[1] = 'C:/Program Files/Unity/Hub/Editor/2022.3.13f1/Editor/Data/MonoBleedingEdge/lib/mono/unityjit-win32'
Mono config path = 'C:/Program Files/Unity/Hub/Editor/2022.3.13f1/Editor/Data/MonoBleedingEdge/etc'
Using monoOptions --debugger-agent=transport=dt_socket,embedding=1,server=y,suspend=n,address=127.0.0.1:56376
Begin MonoManager ReloadAssembly
Registering precompiled unity dll's ...
Register platform support module: C:/Program Files/Unity/Hub/Editor/2022.3.13f1/Editor/Data/PlaybackEngines/WebGLSupport/UnityEditor.WebGL.Extensions.dll
Register platform support module: C:/Program Files/Unity/Hub/Editor/2022.3.13f1/Editor/Data/PlaybackEngines/WindowsStandaloneSupport/UnityEditor.WindowsStandalone.Extensions.dll
Register platform support module: C:/Program Files/Unity/Hub/Editor/2022.3.13f1/Editor/Data/PlaybackEngines/MetroSupport/UnityEditor.UWP.Extensions.dll
Registered in 0.006745 seconds.
- Loaded All Assemblies, in  0.397 seconds
Native extension for UWP target not found
Native extension for WindowsStandalone target not found
Native extension for WebGL target not found
Mono: successfully reloaded assembly
- Finished resetting the current domain, in  0.306 seconds
Domain Reload Profiling: 701ms
	BeginReloadAssembly (121ms)
		ExecutionOrderSort (0ms)
		DisableScriptedObjects (0ms)
		BackupInstance (0ms)
		ReleaseScriptingObjects (0ms)
		CreateAndSetChildDomain (1ms)
	RebuildCommonClasses (38ms)
	RebuildNativeTypeToScriptingClass (13ms)
	initialDomainReloadingComplete (63ms)
	LoadAllAssembliesAndSetupDomain (160ms)
		LoadAssemblies (120ms)
		RebuildTransferFunctionScriptingTraits (0ms)
		AnalyzeDomain (158ms)
			TypeCache.Refresh (156ms)
				TypeCache.ScanAssembly (142ms)
			ScanForSourceGeneratedMonoScriptInfo (0ms)
			ResolveRequiredComponents (1ms)
	FinalizeReload (306ms)
		ReleaseScriptCaches (0ms)
		RebuildScriptCaches (0ms)
		SetupLoadedEditorAssemblies (237ms)
			LogAssemblyErrors (0ms)
			InitializePlatformSupportModulesInManaged (12ms)
			SetLoadedEditorAssemblies (7ms)
			RefreshPlugins (0ms)
			BeforeProcessingInitializeOnLoad (3ms)
			ProcessInitializeOnLoadAttributes (163ms)
			ProcessInitializeOnLoadMethodAttributes (52ms)
			AfterProcessingInitializeOnLoad (0ms)
			EditorAssembliesLoaded (0ms)
		ExecutionOrderSort2 (0ms)
		AwakeInstancesAfterBackupRestoration (0ms)
========================================================================
Worker process is ready to serve import requests
Begin MonoManager ReloadAssembly
- Loaded All Assemblies, in  0.893 seconds
Refreshing native plugins compatible for Editor in 4.31 ms, found 4 plugins.
Native extension for UWP target not found
Native extension for WindowsStandalone target not found
Native extension for WebGL target not found
Mono: successfully reloaded assembly
- Finished resetting the current domain, in  0.761 seconds
Domain Reload Profiling: 1650ms
	BeginReloadAssembly (179ms)
		ExecutionOrderSort (0ms)
		DisableScriptedObjects (5ms)
		BackupInstance (0ms)
		ReleaseScriptingObjects (0ms)
		CreateAndSetChildDomain (28ms)
	RebuildCommonClasses (43ms)
	RebuildNativeTypeToScriptingClass (12ms)
	initialDomainReloadingComplete (62ms)
	LoadAllAssembliesAndSetupDomain (594ms)
		LoadAssemblies (432ms)
		RebuildTransferFunctionScriptingTraits (0ms)
		AnalyzeDomain (266ms)
			TypeCache.Refresh (231ms)
				TypeCache.ScanAssembly (207ms)
			ScanForSourceGeneratedMonoScriptInfo (29ms)
			ResolveRequiredComponents (5ms)
	FinalizeReload (761ms)
		ReleaseScriptCaches (0ms)
		RebuildScriptCaches (0ms)
		SetupLoadedEditorAssemblies (529ms)
			LogAssemblyErrors (0ms)
			InitializePlatformSupportModulesInManaged (11ms)
			SetLoadedEditorAssemblies (5ms)
			RefreshPlugins (0ms)
			BeforeProcessingInitializeOnLoad (84ms)
			ProcessInitializeOnLoadAttributes (380ms)
			ProcessInitializeOnLoadMethodAttributes (43ms)
			AfterProcessingInitializeOnLoad (5ms)
			EditorAssembliesLoaded (0ms)
		ExecutionOrderSort2 (0ms)
		AwakeInstancesAfterBackupRestoration (6ms)
Launched and connected shader compiler UnityShaderCompiler.exe after 0.05 seconds
Refreshing native plugins compatible for Editor in 5.23 ms, found 4 plugins.
Preloading 0 native plugins for Editor in 0.00 ms.
Unloading 4057 Unused Serialized files (Serialized files now loaded: 0)
Unloading 68 unused Assets / (244.4 KB). Loaded Objects now: 4512.
Memory consumption went from 144.7 MB to 144.5 MB.
Total: 4.009500 ms (FindLiveObjects: 0.307200 ms CreateObjectMapping: 0.178800 ms MarkObjects: 3.315100 ms  DeleteObjects: 0.206700 ms)

AssetImportParameters requested are different than current active one (requested -> active):
  custom:container-demuxer-ogg: 62fdf1f143b41e24485cea50d1cbac27 -> 
  custom:video-codec-MediaFoundation-h265: 746d11721c4dcdbdad8f713fa42b33f4 -> 
  custom:video-decoder-ogg-theora: a1e56fd34408186e4bbccfd4996cb3dc -> 
  custom:framework-win-MediaFoundation: 216162199b28c13a410421893ffa2e32 -> 
  custom:CustomObjectIndexerAttribute: 756ad292c208cfabdd7b50bc23989ffe -> 
  custom:container-demuxer-webm: 4f35f7cbe854078d1ac9338744f61a02 -> 
  custom:container-muxer-webm: aa71ff27fc2769a1b78a27578f13a17b -> 
  custom:video-decoder-webm-vp8: 9c59270c3fd7afecdb556c50c9e8de78 -> 
  custom:SearchIndexIgnoredProperties: e643bd26f0fe6173181afceb89e7c659 -> 
  custom:AudioImporter_EditorPlatform: d09bf68614088b80899f8185d706f6e7 -> 
  custom:video-encoder-webm-vp8: eb34c28f22e8b96e1ab97ce403110664 -> 
  custom:audio-decoder-ogg-vorbis: bf7c407c2cedff20999df2af8eb42d56 -> 
  custom:audio-encoder-webm-vorbis: bf7c407c2cedff20999df2af8eb42d56 -> 
========================================================================
Received Import Request.
  Time since last request: 1311814.867321 seconds.
  path: Assets/Female
  artifactKey: Guid(4f46eae209f966d40b21ff97e24c4414) Importer(815301076,1909f56bfc062723c751e8b465ee728b)
Start importing Assets/Female using Guid(4f46eae209f966d40b21ff97e24c4414) Importer(815301076,1909f56bfc062723c751e8b465ee728b)  -> (artifact id: '047293ec2f340a804630cf5ede544484') in 0.002026 seconds
Number of updated asset objects reloaded before import = 0
Number of asset objects unloaded after import = 0
========================================================================
Received Import Request.
  Time since last request: 36.360957 seconds.
  path: Assets/Female/female_tilesheet.png
  artifactKey: Guid(b6525dbdcc5622d4faa8d8f3ff823ad1) Importer(815301076,1909f56bfc062723c751e8b465ee728b)
Start importing Assets/Female/female_tilesheet.png using Guid(b6525dbdcc5622d4faa8d8f3ff823ad1) Importer(815301076,1909f56bfc062723c751e8b465ee728b)  -> (artifact id: '7ef7b9a478e5282809bf04687480f0c4') in 0.056191 seconds
Number of updated asset objects reloaded before import = 0
Number of asset objects unloaded after import = 2
========================================================================
Received Import Request.
  Time since last request: 9.801875 seconds.
  path: Assets/Female/female_tilesheet.png
  artifactKey: Guid(b6525dbdcc5622d4faa8d8f3ff823ad1) Importer(815301076,1909f56bfc062723c751e8b465ee728b)
Start importing Assets/Female/female_tilesheet.png using Guid(b6525dbdcc5622d4faa8d8f3ff823ad1) Importer(815301076,1909f56bfc062723c751e8b465ee728b)  -> (artifact id: '0d3346768da01981f3f4b2627d3bbe07') in 0.020772 seconds
Number of updated asset objects reloaded before import = 0
Number of asset objects unloaded after import = 2
========================================================================
Received Import Request.
  Time since last request: 6.235529 seconds.
  path: Assets/Female/female_tilesheet.png
  artifactKey: Guid(b6525dbdcc5622d4faa8d8f3ff823ad1) Importer(815301076,1909f56bfc062723c751e8b465ee728b)
Start importing Assets/Female/female_tilesheet.png using Guid(b6525dbdcc5622d4faa8d8f3ff823ad1) Importer(815301076,1909f56bfc062723c751e8b465ee728b)  -> (artifact id: '2071ad5bd57a7864cabece48cf00f86f') in 0.024685 seconds
Number of updated asset objects reloaded before import = 0
Number of asset objects unloaded after import = 2
========================================================================
Received Import Request.
  Time since last request: 22.761154 seconds.
  path: Assets/Female/female_tilesheet.png
  artifactKey: Guid(b6525dbdcc5622d4faa8d8f3ff823ad1) Importer(815301076,1909f56bfc062723c751e8b465ee728b)
Start importing Assets/Female/female_tilesheet.png using Guid(b6525dbdcc5622d4faa8d8f3ff823ad1) Importer(815301076,1909f56bfc062723c751e8b465ee728b)  -> (artifact id: '2ca30dc7849a7c592a53d34816f12994') in 0.022972 seconds
Number of updated asset objects reloaded before import = 0
Number of asset objects unloaded after import = 2
========================================================================
Received Import Request.
  Time since last request: 11.379770 seconds.
  path: Assets/Female/female_tilesheet.png
  artifactKey: Guid(b6525dbdcc5622d4faa8d8f3ff823ad1) Importer(815301076,1909f56bfc062723c751e8b465ee728b)
Start importing Assets/Female/female_tilesheet.png using Guid(b6525dbdcc5622d4faa8d8f3ff823ad1) Importer(815301076,1909f56bfc062723c751e8b465ee728b)  -> (artifact id: '9c74fd7be4e111e474f764f2ed9e00bf') in 0.099573 seconds
Number of updated asset objects reloaded before import = 0
Number of asset objects unloaded after import = 26
========================================================================
Received Import Request.
  Time since last request: 89.095304 seconds.
  path: Assets/Female/Poses
  artifactKey: Guid(5adac173c13ca9e44aa4df6d44f81b5f) Importer(815301076,1909f56bfc062723c751e8b465ee728b)
Start importing Assets/Female/Poses using Guid(5adac173c13ca9e44aa4df6d44f81b5f) Importer(815301076,1909f56bfc062723c751e8b465ee728b)  -> (artifact id: 'e0bb5c1a8ee0fe32a2126f66898f0023') in 0.000713 seconds
Number of updated asset objects reloaded before import = 0
Number of asset objects unloaded after import = 0
========================================================================
Received Import Request.
  Time since last request: 0.093731 seconds.
  path: Assets/Female/Poses/female_action1.png
  artifactKey: Guid(fa4806097a9eef6448638fbca2567cd9) Importer(815301076,1909f56bfc062723c751e8b465ee728b)
Start importing Assets/Female/Poses/female_action1.png using Guid(fa4806097a9eef6448638fbca2567cd9) Importer(815301076,1909f56bfc062723c751e8b465ee728b)  -> (artifact id: '1f37fe81042dd7ef569c8d5c7118cc24') in 0.034486 seconds
Number of updated asset objects reloaded before import = 0
Number of asset objects unloaded after import = 3
========================================================================
Received Import Request.
  Time since last request: 0.000024 seconds.
  path: Assets/Female/Poses/female_idle.png
  artifactKey: Guid(f300d34410df2754ba0ef7c5297157d8) Importer(815301076,1909f56bfc062723c751e8b465ee728b)
Start importing Assets/Female/Poses/female_idle.png using Guid(f300d34410df2754ba0ef7c5297157d8) Importer(815301076,1909f56bfc062723c751e8b465ee728b)  -> (artifact id: '3e643240bf154dbba695d3c84ce55a55') in 0.030921 seconds
Number of updated asset objects reloaded before import = 0
Number of asset objects unloaded after import = 3
========================================================================
Received Import Request.
  Time since last request: 0.000022 seconds.
  path: Assets/Female/Poses/female_swim1.png
  artifactKey: Guid(c5b706b8e3eb7ee43b4144e6b40de150) Importer(815301076,1909f56bfc062723c751e8b465ee728b)
Start importing Assets/Female/Poses/female_swim1.png using Guid(c5b706b8e3eb7ee43b4144e6b40de150) Importer(815301076,1909f56bfc062723c751e8b465ee728b)  -> (artifact id: '763175bbb6880db44e214f441b52d469') in 0.028073 seconds
Number of updated asset objects reloaded before import = 0
Number of asset objects unloaded after import = 3
========================================================================
Received Import Request.
  Time since last request: 0.000029 seconds.
  path: Assets/Female/Poses/female_hold2.png
  artifactKey: Guid(c379b3b3106dd8341961a6d8b05b8614) Importer(815301076,1909f56bfc062723c751e8b465ee728b)
Start importing Assets/Female/Poses/female_hold2.png using Guid(c379b3b3106dd8341961a6d8b05b8614) Importer(815301076,1909f56bfc062723c751e8b465ee728b)  -> (artifact id: '3c9ec751d8d5512e0b1205c40dc60954') in 0.027386 seconds
Number of updated asset objects reloaded before import = 0
Number of asset objects unloaded after import = 3
========================================================================
Received Import Request.
  Time since last request: 0.000022 seconds.
  path: Assets/Female/Poses/female_talk.png
  artifactKey: Guid(bb386ce6f09b656498d26b7c959f91c5) Importer(815301076,1909f56bfc062723c751e8b465ee728b)
Start importing Assets/Female/Poses/female_talk.png using Guid(bb386ce6f09b656498d26b7c959f91c5) Importer(815301076,1909f56bfc062723c751e8b465ee728b)  -> (artifact id: '91e5e1b9f567b09550c74f11e475610e') in 0.024187 seconds
Number of updated asset objects reloaded before import = 0
Number of asset objects unloaded after import = 3
========================================================================
Received Import Request.
  Time since last request: 0.000015 seconds.
  path: Assets/Female/Poses/female_climb1.png
  artifactKey: Guid(72b032227aa0805459f174eb2e13cfd8) Importer(815301076,1909f56bfc062723c751e8b465ee728b)
Start importing Assets/Female/Poses/female_climb1.png using Guid(72b032227aa0805459f174eb2e13cfd8) Importer(815301076,1909f56bfc062723c751e8b465ee728b)  -> (artifact id: '82e3e72ebfad06946219caadd37b93d6') in 0.028054 seconds
Number of updated asset objects reloaded before import = 0
Number of asset objects unloaded after import = 3
========================================================================
Received Import Request.
  Time since last request: 0.000020 seconds.
  path: Assets/Female/Poses/female_cheer1.png
  artifactKey: Guid(97b7f36128b2ac14c8c87b66789409bc) Importer(815301076,1909f56bfc062723c751e8b465ee728b)
Start importing Assets/Female/Poses/female_cheer1.png using Guid(97b7f36128b2ac14c8c87b66789409bc) Importer(815301076,1909f56bfc062723c751e8b465ee728b)  -> (artifact id: 'a413a8daa9f31b7dc82d3294dec93a8f') in 0.026115 seconds
Number of updated asset objects reloaded before import = 0
Number of asset objects unloaded after import = 3
========================================================================
Received Import Request.
  Time since last request: 0.000018 seconds.
  path: Assets/Female/Poses/female_hang.png
  artifactKey: Guid(35054d1d7fa20af48a7d0ff36f90eaad) Importer(815301076,1909f56bfc062723c751e8b465ee728b)
Start importing Assets/Female/Poses/female_hang.png using Guid(35054d1d7fa20af48a7d0ff36f90eaad) Importer(815301076,1909f56bfc062723c751e8b465ee728b)  -> (artifact id: '80c904effd8a7cb41844831429a3f8e8') in 0.027275 seconds
Number of updated asset objects reloaded before import = 0
Number of asset objects unloaded after import = 3
========================================================================
Received Import Request.
  Time since last request: 0.000019 seconds.
  path: Assets/Female/Poses/female_swim2.png
  artifactKey: Guid(fbfa263e92a0d9149a76ec5c471eae54) Importer(815301076,1909f56bfc062723c751e8b465ee728b)
Start importing Assets/Female/Poses/female_swim2.png using Guid(fbfa263e92a0d9149a76ec5c471eae54) Importer(815301076,1909f56bfc062723c751e8b465ee728b)  -> (artifact id: 'd6d7a26f0de0b3bea9984728a0c4057e') in 0.027508 seconds
Number of updated asset objects reloaded before import = 0
Number of asset objects unloaded after import = 3
========================================================================
Received Import Request.
  Time since last request: 0.000019 seconds.
  path: Assets/Female/Poses/female_stand.png
  artifactKey: Guid(049b8fcd5e46c4146ab9e72caad01380) Importer(815301076,1909f56bfc062723c751e8b465ee728b)
Start importing Assets/Female/Poses/female_stand.png using Guid(049b8fcd5e46c4146ab9e72caad01380) Importer(815301076,1909f56bfc062723c751e8b465ee728b)  -> (artifact id: '4f99489da0afdecafbcaa11a85873765') in 0.024649 seconds
Number of updated asset objects reloaded before import = 0
Number of asset objects unloaded after import = 3
========================================================================
Received Import Request.
  Time since last request: 0.000020 seconds.
  path: Assets/Female/Poses/female_hold1.png
  artifactKey: Guid(1fc019b3305481c4883ada9ce3716dac) Importer(815301076,1909f56bfc062723c751e8b465ee728b)
Start importing Assets/Female/Poses/female_hold1.png using Guid(1fc019b3305481c4883ada9ce3716dac) Importer(815301076,1909f56bfc062723c751e8b465ee728b)  -> (artifact id: '3aa142eeff31852a660793c40561ade9') in 0.025585 seconds
Number of updated asset objects reloaded before import = 0
Number of asset objects unloaded after import = 3
========================================================================
Received Import Request.
  Time since last request: 0.000022 seconds.
  path: Assets/Female/Poses/female_walk2.png
  artifactKey: Guid(986f6103b5ffabf4483c6921d711f217) Importer(815301076,1909f56bfc062723c751e8b465ee728b)
Start importing Assets/Female/Poses/female_walk2.png using Guid(986f6103b5ffabf4483c6921d711f217) Importer(815301076,1909f56bfc062723c751e8b465ee728b)  -> (artifact id: 'd50cd50fc9e304a390fbd6331e89a093') in 0.025221 seconds
Number of updated asset objects reloaded before import = 0
Number of asset objects unloaded after import = 3
========================================================================
Received Import Request.
  Time since last request: 229.837661 seconds.
  path: Assets/Alien sprites/alienBeige_badge1.png
  artifactKey: Guid(1100ae333812a044ebc372a9ab385698) Importer(815301076,1909f56bfc062723c751e8b465ee728b)
Start importing Assets/Alien sprites/alienBeige_badge1.png using Guid(1100ae333812a044ebc372a9ab385698) Importer(815301076,1909f56bfc062723c751e8b465ee728b)  -> (artifact id: 'b90a25273f4a0147f625b783ff59ec19') in 0.034879 seconds
Number of updated asset objects reloaded before import = 0
Number of asset objects unloaded after import = 3
========================================================================
Received Import Request.
  Time since last request: 0.000039 seconds.
  path: Assets/Alien sprites/alienGreen_walk1.png
  artifactKey: Guid(64c08e8e06cfcd94ab4b87fa24581db1) Importer(815301076,1909f56bfc062723c751e8b465ee728b)
Start importing Assets/Alien sprites/alienGreen_walk1.png using Guid(64c08e8e06cfcd94ab4b87fa24581db1) Importer(815301076,1909f56bfc062723c751e8b465ee728b)  -> (artifact id: '7dd2d391969e8f80ef6414f67acf027f') in 0.027795 seconds
Number of updated asset objects reloaded before import = 0
Number of asset objects unloaded after import = 3
========================================================================
Received Import Request.
  Time since last request: 0.000023 seconds.
  path: Assets/Alien sprites/alienBeige_duck.png
  artifactKey: Guid(c4488e4561c962549bf23b63b9569acc) Importer(815301076,1909f56bfc062723c751e8b465ee728b)
Start importing Assets/Alien sprites/alienBeige_duck.png using Guid(c4488e4561c962549bf23b63b9569acc) Importer(815301076,1909f56bfc062723c751e8b465ee728b)  -> (artifact id: 'e9a85252a7aa4cfe0727feda76e5752d') in 0.025211 seconds
Number of updated asset objects reloaded before import = 0
Number of asset objects unloaded after import = 3
========================================================================
Received Import Request.
  Time since last request: 0.000023 seconds.
  path: Assets/Alien sprites/alienPink.png
  artifactKey: Guid(ba07348a69a474646ab1a41b3502c9d2) Importer(815301076,1909f56bfc062723c751e8b465ee728b)
Start importing Assets/Alien sprites/alienPink.png using Guid(ba07348a69a474646ab1a41b3502c9d2) Importer(815301076,1909f56bfc062723c751e8b465ee728b)  -> (artifact id: '369691604dacc7e58b1e166977bfc68a') in 0.028316 seconds
Number of updated asset objects reloaded before import = 0
Number of asset objects unloaded after import = 3
========================================================================
Received Import Request.
  Time since last request: 0.000024 seconds.
  path: Assets/Alien sprites/alienGreen_climb2.png
  artifactKey: Guid(653276c5ba6767e41a7eb2ea07a7fff9) Importer(815301076,1909f56bfc062723c751e8b465ee728b)
Start importing Assets/Alien sprites/alienGreen_climb2.png using Guid(653276c5ba6767e41a7eb2ea07a7fff9) Importer(815301076,1909f56bfc062723c751e8b465ee728b)  -> (artifact id: '7bcb699558e35bbf0b5e07f69c5bc511') in 0.026834 seconds
Number of updated asset objects reloaded before import = 0
Number of asset objects unloaded after import = 3
========================================================================
Received Import Request.
  Time since last request: 0.000028 seconds.
  path: Assets/Alien sprites/alienBeige_badge2.png
  artifactKey: Guid(aca4647bfe2710f4fa1b73806966a51b) Importer(815301076,1909f56bfc062723c751e8b465ee728b)
Start importing Assets/Alien sprites/alienBeige_badge2.png using Guid(aca4647bfe2710f4fa1b73806966a51b) Importer(815301076,1909f56bfc062723c751e8b465ee728b)  -> (artifact id: '516031bc27d2a16280abc4d28d584b11') in 0.026503 seconds
Number of updated asset objects reloaded before import = 0
Number of asset objects unloaded after import = 3
========================================================================
Received Import Request.
  Time since last request: 0.000044 seconds.
  path: Assets/Alien sprites/alienBlue_duck.png
  artifactKey: Guid(68ce74d15fb181844b100c09c8412891) Importer(815301076,1909f56bfc062723c751e8b465ee728b)
Start importing Assets/Alien sprites/alienBlue_duck.png using Guid(68ce74d15fb181844b100c09c8412891) Importer(815301076,1909f56bfc062723c751e8b465ee728b)  -> (artifact id: '286373f5db0893fbf74d7920be080e60') in 0.025541 seconds
Number of updated asset objects reloaded before import = 0
Number of asset objects unloaded after import = 3
========================================================================
Received Import Request.
  Time since last request: 0.000030 seconds.
  path: Assets/Alien sprites/alienBeige_hurt.png
  artifactKey: Guid(e50b1a51d09c6c74e889dcdbde55ef81) Importer(815301076,1909f56bfc062723c751e8b465ee728b)
Start importing Assets/Alien sprites/alienBeige_hurt.png using Guid(e50b1a51d09c6c74e889dcdbde55ef81) Importer(815301076,1909f56bfc062723c751e8b465ee728b)  -> (artifact id: 'cd0e2108d5aa67d2b02eba71d09d4b68') in 0.026172 seconds
Number of updated asset objects reloaded before import = 0
Number of asset objects unloaded after import = 3
========================================================================
Received Import Request.
  Time since last request: 0.000024 seconds.
  path: Assets/Alien sprites/alienGreen_climb1.png
  artifactKey: Guid(22c9ce15b499de14fb4f328386cce093) Importer(815301076,1909f56bfc062723c751e8b465ee728b)
Start importing Assets/Alien sprites/alienGreen_climb1.png using Guid(22c9ce15b499de14fb4f328386cce093) Importer(815301076,1909f56bfc062723c751e8b465ee728b)  -> (artifact id: '947edf55ea435d80cd675bfb53da9919') in 0.026863 seconds
Number of updated asset objects reloaded before import = 0
Number of asset objects unloaded after import = 3
========================================================================
Received Import Request.
  Time since last request: 0.000020 seconds.
  path: Assets/Alien sprites/alienBeige_climb2.png
  artifactKey: Guid(0d157e7486ffee04bb8ad2c7d9b02f06) Importer(815301076,1909f56bfc062723c751e8b465ee728b)
Start importing Assets/Alien sprites/alienBeige_climb2.png using Guid(0d157e7486ffee04bb8ad2c7d9b02f06) Importer(815301076,1909f56bfc062723c751e8b465ee728b)  -> (artifact id: '8ff37bff36ab234eafef5d5ce46408bd') in 0.025412 seconds
Number of updated asset objects reloaded before import = 0
Number of asset objects unloaded after import = 3
========================================================================
Received Import Request.
  Time since last request: 0.000032 seconds.
  path: Assets/Alien sprites/alienGreen_swim1.png
  artifactKey: Guid(64bd8770215adf6408beca237059e753) Importer(815301076,1909f56bfc062723c751e8b465ee728b)
Start importing Assets/Alien sprites/alienGreen_swim1.png using Guid(64bd8770215adf6408beca237059e753) Importer(815301076,1909f56bfc062723c751e8b465ee728b)  -> (artifact id: 'af8be6c5f00d7925f0ad6dcd1718cddc') in 0.023239 seconds
Number of updated asset objects reloaded before import = 0
Number of asset objects unloaded after import = 3
========================================================================
Received Import Request.
  Time since last request: 0.000024 seconds.
  path: Assets/Alien sprites/alienBlue_swim2.png
  artifactKey: Guid(e3db0eb4b75355a45884beff76c26a6a) Importer(815301076,1909f56bfc062723c751e8b465ee728b)
Start importing Assets/Alien sprites/alienBlue_swim2.png using Guid(e3db0eb4b75355a45884beff76c26a6a) Importer(815301076,1909f56bfc062723c751e8b465ee728b)  -> (artifact id: '14f5f3e62842226caa5250bb5dd25c04') in 0.024716 seconds
Number of updated asset objects reloaded before import = 0
Number of asset objects unloaded after import = 3
========================================================================
Received Import Request.
  Time since last request: 0.000031 seconds.
  path: Assets/Alien sprites/alienBeige_jump.png
  artifactKey: Guid(e3f35624f30768e46a5073c2fc3b8bdf) Importer(815301076,1909f56bfc062723c751e8b465ee728b)
Start importing Assets/Alien sprites/alienBeige_jump.png using Guid(e3f35624f30768e46a5073c2fc3b8bdf) Importer(815301076,1909f56bfc062723c751e8b465ee728b)  -> (artifact id: 'a81adb28d3392621220c28cc98b31ea2') in 0.027091 seconds
Number of updated asset objects reloaded before import = 0
Number of asset objects unloaded after import = 3
========================================================================
Received Import Request.
  Time since last request: 0.000025 seconds.
  path: Assets/Alien sprites/alienGreen_badge1.png
  artifactKey: Guid(6e1773c94804834408926bb4c9683246) Importer(815301076,1909f56bfc062723c751e8b465ee728b)
Start importing Assets/Alien sprites/alienGreen_badge1.png using Guid(6e1773c94804834408926bb4c9683246) Importer(815301076,1909f56bfc062723c751e8b465ee728b)  -> (artifact id: 'f4e80f4267fe8573d1de3121a1877308') in 0.025654 seconds
Number of updated asset objects reloaded before import = 0
Number of asset objects unloaded after import = 3
========================================================================
Received Import Request.
  Time since last request: 0.000025 seconds.
  path: Assets/Alien sprites/alienGreen_stand.png
  artifactKey: Guid(0cd0502b56a95bd4c94630a5f385a22d) Importer(815301076,1909f56bfc062723c751e8b465ee728b)
Start importing Assets/Alien sprites/alienGreen_stand.png using Guid(0cd0502b56a95bd4c94630a5f385a22d) Importer(815301076,1909f56bfc062723c751e8b465ee728b)  -> (artifact id: '967969ff60b6a5a4a14271c750aed5fa') in 0.026774 seconds
Number of updated asset objects reloaded before import = 0
Number of asset objects unloaded after import = 3
========================================================================
Received Import Request.
  Time since last request: 0.000042 seconds.
  path: Assets/Alien sprites/alienBlue_climb2.png
  artifactKey: Guid(2871dbcdcf02d09498ecc2408abcd88d) Importer(815301076,1909f56bfc062723c751e8b465ee728b)
Start importing Assets/Alien sprites/alienBlue_climb2.png using Guid(2871dbcdcf02d09498ecc2408abcd88d) Importer(815301076,1909f56bfc062723c751e8b465ee728b)  -> (artifact id: 'a3c69281b8010f28f1711d5984f5cb9b') in 0.027523 seconds
Number of updated asset objects reloaded before import = 0
Number of asset objects unloaded after import = 3
========================================================================
Received Import Request.
  Time since last request: 0.000038 seconds.
  path: Assets/Alien sprites/alienBlue_badge2.png
  artifactKey: Guid(38af30193fda1c64abe6e915dddce79b) Importer(815301076,1909f56bfc062723c751e8b465ee728b)
Start importing Assets/Alien sprites/alienBlue_badge2.png using Guid(38af30193fda1c64abe6e915dddce79b) Importer(815301076,1909f56bfc062723c751e8b465ee728b)  -> (artifact id: 'c9938cb42d1cf016122a2ea4af5ff4bb') in 0.026023 seconds
Number of updated asset objects reloaded before import = 0
Number of asset objects unloaded after import = 3
========================================================================
Received Import Request.
  Time since last request: 0.000025 seconds.
  path: Assets/Alien sprites/alienGreen_jump.png
  artifactKey: Guid(07cfc6be3a5d42241b3fce9532c53419) Importer(815301076,1909f56bfc062723c751e8b465ee728b)
Start importing Assets/Alien sprites/alienGreen_jump.png using Guid(07cfc6be3a5d42241b3fce9532c53419) Importer(815301076,1909f56bfc062723c751e8b465ee728b)  -> (artifact id: 'a9a019644b2b9d6e4442c37738ca418d') in 0.026716 seconds
Number of updated asset objects reloaded before import = 0
Number of asset objects unloaded after import = 3
========================================================================
Received Import Request.
  Time since last request: 0.000018 seconds.
  path: Assets/Alien sprites/alienBeige_walk2.png
  artifactKey: Guid(31117658cc73dcf4490557d5451a3850) Importer(815301076,1909f56bfc062723c751e8b465ee728b)
Start importing Assets/Alien sprites/alienBeige_walk2.png using Guid(31117658cc73dcf4490557d5451a3850) Importer(815301076,1909f56bfc062723c751e8b465ee728b)  -> (artifact id: 'b9d32cc0e2cd2c5aeb4e5c514ac1f87f') in 0.026541 seconds
Number of updated asset objects reloaded before import = 0
Number of asset objects unloaded after import = 3
========================================================================
Received Import Request.
  Time since last request: 0.000025 seconds.
  path: Assets/Alien sprites/alienBlue_swim1.png
  artifactKey: Guid(33527cc3467750d4c87ea5ef706e2805) Importer(815301076,1909f56bfc062723c751e8b465ee728b)
Start importing Assets/Alien sprites/alienBlue_swim1.png using Guid(33527cc3467750d4c87ea5ef706e2805) Importer(815301076,1909f56bfc062723c751e8b465ee728b)  -> (artifact id: '72ac8de08661f6179d259a2406e2e0cb') in 0.027577 seconds
Number of updated asset objects reloaded before import = 0
Number of asset objects unloaded after import = 3
========================================================================
Received Import Request.
  Time since last request: 0.000028 seconds.
  path: Assets/Alien sprites/alienBeige_swim2.png
  artifactKey: Guid(ee08fe11f650c9243abf2f8151a53b6e) Importer(815301076,1909f56bfc062723c751e8b465ee728b)
Start importing Assets/Alien sprites/alienBeige_swim2.png using Guid(ee08fe11f650c9243abf2f8151a53b6e) Importer(815301076,1909f56bfc062723c751e8b465ee728b)  -> (artifact id: '6f5de08650c1b63ece1755ee81617aaf') in 0.032386 seconds
Number of updated asset objects reloaded before import = 0
Number of asset objects unloaded after import = 3
========================================================================
Received Import Request.
  Time since last request: 0.000022 seconds.
  path: Assets/Alien sprites/alienPink_badge1.png
  artifactKey: Guid(e61f10b99d6d5ea42adf7e6cd8997793) Importer(815301076,1909f56bfc062723c751e8b465ee728b)
Start importing Assets/Alien sprites/alienPink_badge1.png using Guid(e61f10b99d6d5ea42adf7e6cd8997793) Importer(815301076,1909f56bfc062723c751e8b465ee728b)  -> (artifact id: '7ee2e2498e520c94608ee708d20d424a') in 0.023365 seconds
Number of updated asset objects reloaded before import = 0
Number of asset objects unloaded after import = 3
========================================================================
Received Import Request.
  Time since last request: 0.714092 seconds.
  path: Assets/Alien sprites/alienPink_climb1.png
  artifactKey: Guid(654ee987262bd2042b1eab03b92ffe26) Importer(815301076,1909f56bfc062723c751e8b465ee728b)
Start importing Assets/Alien sprites/alienPink_climb1.png using Guid(654ee987262bd2042b1eab03b92ffe26) Importer(815301076,1909f56bfc062723c751e8b465ee728b)  -> (artifact id: 'ed36cc78a1c2a847bd95e4de928f9455') in 0.031514 seconds
Number of updated asset objects reloaded before import = 0
Number of asset objects unloaded after import = 3
========================================================================
Received Import Request.
  Time since last request: 0.000051 seconds.
  path: Assets/Alien sprites/alienPink_jump.png
  artifactKey: Guid(e3eb4330284c8ac4d8815bd63fc4bc26) Importer(815301076,1909f56bfc062723c751e8b465ee728b)
Start importing Assets/Alien sprites/alienPink_jump.png using Guid(e3eb4330284c8ac4d8815bd63fc4bc26) Importer(815301076,1909f56bfc062723c751e8b465ee728b)  -> (artifact id: 'b8970802fe4ade9e9b8ecc437371aa05') in 0.028547 seconds
Number of updated asset objects reloaded before import = 0
Number of asset objects unloaded after import = 3
========================================================================
Received Import Request.
  Time since last request: 0.000019 seconds.
  path: Assets/Alien sprites/alienPink_swim1.png
  artifactKey: Guid(835070c742971ab4f8023bc47341c971) Importer(815301076,1909f56bfc062723c751e8b465ee728b)
Start importing Assets/Alien sprites/alienPink_swim1.png using Guid(835070c742971ab4f8023bc47341c971) Importer(815301076,1909f56bfc062723c751e8b465ee728b)  -> (artifact id: '4c981d57d48e2cfbf766e2a44bd57eb1') in 0.025165 seconds
Number of updated asset objects reloaded before import = 0
Number of asset objects unloaded after import = 3
========================================================================
Received Import Request.
  Time since last request: 0.000026 seconds.
  path: Assets/Alien sprites/alienPink_hurt.png
  artifactKey: Guid(750da370fd43337409d1ee8d7a6d8822) Importer(815301076,1909f56bfc062723c751e8b465ee728b)
Start importing Assets/Alien sprites/alienPink_hurt.png using Guid(750da370fd43337409d1ee8d7a6d8822) Importer(815301076,1909f56bfc062723c751e8b465ee728b)  -> (artifact id: '8b4af870c380c7bc776335b05c51b1c7') in 0.029830 seconds
Number of updated asset objects reloaded before import = 0
Number of asset objects unloaded after import = 3
========================================================================
Received Import Request.
  Time since last request: 0.354392 seconds.
  path: Assets/Alien sprites/alienPink_walk1.png
  artifactKey: Guid(f46101327557c1842b367643eed863e0) Importer(815301076,1909f56bfc062723c751e8b465ee728b)
Start importing Assets/Alien sprites/alienPink_walk1.png using Guid(f46101327557c1842b367643eed863e0) Importer(815301076,1909f56bfc062723c751e8b465ee728b)  -> (artifact id: '732c89daebad8b731baf2d677f3e66dd') in 0.033157 seconds
Number of updated asset objects reloaded before import = 0
Number of asset objects unloaded after import = 3
========================================================================
Received Import Request.
  Time since last request: 0.000026 seconds.
  path: Assets/Alien sprites/alienYellow_badge1.png
  artifactKey: Guid(bf9753d2291476d4b9c5fc6635e70799) Importer(815301076,1909f56bfc062723c751e8b465ee728b)
Start importing Assets/Alien sprites/alienYellow_badge1.png using Guid(bf9753d2291476d4b9c5fc6635e70799) Importer(815301076,1909f56bfc062723c751e8b465ee728b)  -> (artifact id: '4cf2d245d0549f3598e7f3c4ba84423e') in 0.025806 seconds
Number of updated asset objects reloaded before import = 0
Number of asset objects unloaded after import = 3
========================================================================
Received Import Request.
  Time since last request: 0.000038 seconds.
  path: Assets/Alien sprites/alienPink_walk2.png
  artifactKey: Guid(f14d1d8308b6e2d4b884f48efff3f3cd) Importer(815301076,1909f56bfc062723c751e8b465ee728b)
Start importing Assets/Alien sprites/alienPink_walk2.png using Guid(f14d1d8308b6e2d4b884f48efff3f3cd) Importer(815301076,1909f56bfc062723c751e8b465ee728b)  -> (artifact id: 'eb4fbe44a53cb343f6e9ef425dcb8c01') in 0.027666 seconds
Number of updated asset objects reloaded before import = 0
Number of asset objects unloaded after import = 3
========================================================================
Received Import Request.
  Time since last request: 0.000039 seconds.
  path: Assets/Alien sprites/alienYellow_badge2.png
  artifactKey: Guid(cc7ff17c4aa9380408cd60390d6138f4) Importer(815301076,1909f56bfc062723c751e8b465ee728b)
Start importing Assets/Alien sprites/alienYellow_badge2.png using Guid(cc7ff17c4aa9380408cd60390d6138f4) Importer(815301076,1909f56bfc062723c751e8b465ee728b)  -> (artifact id: 'c683199767f58093bad2ffab44135bcd') in 0.034133 seconds
Number of updated asset objects reloaded before import = 0
Number of asset objects unloaded after import = 3
========================================================================
Received Import Request.
  Time since last request: 28.260665 seconds.
  path: Assets/Alien sprites/alienYellow_hurt.png
  artifactKey: Guid(b4b2490aa40584342856dcb3f58ec4f2) Importer(815301076,1909f56bfc062723c751e8b465ee728b)
Start importing Assets/Alien sprites/alienYellow_hurt.png using Guid(b4b2490aa40584342856dcb3f58ec4f2) Importer(815301076,1909f56bfc062723c751e8b465ee728b)  -> (artifact id: 'f045cfaae8ce2005029f8eb2fe02988b') in 0.031659 seconds
Number of updated asset objects reloaded before import = 0
Number of asset objects unloaded after import = 3
========================================================================
Received Import Request.
  Time since last request: 0.000029 seconds.
  path: Assets/Alien sprites/alienYellow_stand.png
  artifactKey: Guid(9ef671f674e1f41469e262cd97b27dd8) Importer(815301076,1909f56bfc062723c751e8b465ee728b)
Start importing Assets/Alien sprites/alienYellow_stand.png using Guid(9ef671f674e1f41469e262cd97b27dd8) Importer(815301076,1909f56bfc062723c751e8b465ee728b)  -> (artifact id: '1bda9c807271a69f5cc31fbf1a489519') in 0.030125 seconds
Number of updated asset objects reloaded before import = 0
Number of asset objects unloaded after import = 3
========================================================================
Received Import Request.
  Time since last request: 0.000047 seconds.
  path: Assets/Alien sprites/alienYellow_swim2.png
  artifactKey: Guid(e06338c0374c5ca4d99899521a121d28) Importer(815301076,1909f56bfc062723c751e8b465ee728b)
Start importing Assets/Alien sprites/alienYellow_swim2.png using Guid(e06338c0374c5ca4d99899521a121d28) Importer(815301076,1909f56bfc062723c751e8b465ee728b)  -> (artifact id: '29e51ab05c1201687a65755c4728468b') in 0.027778 seconds
Number of updated asset objects reloaded before import = 0
Number of asset objects unloaded after import = 3
========================================================================
Received Import Request.
  Time since last request: 0.000021 seconds.
  path: Assets/Alien sprites/alienYellow_walk1.png
  artifactKey: Guid(b9abc3e7fb952304e8f2f187b7d52e2c) Importer(815301076,1909f56bfc062723c751e8b465ee728b)
Start importing Assets/Alien sprites/alienYellow_walk1.png using Guid(b9abc3e7fb952304e8f2f187b7d52e2c) Importer(815301076,1909f56bfc062723c751e8b465ee728b)  -> (artifact id: '10258ca85e1272d301052b59a50c34ba') in 0.024560 seconds
Number of updated asset objects reloaded before import = 0
Number of asset objects unloaded after import = 3
